[ 2018-01-22T20:00:53+08:00 ] 183.63.92.250 /index.php/Admin/Admin/upd/currency_id/106
INFO: [ app_init ] --START--
INFO: Run Behavior\BuildLiteBehavior [ RunTime:0.000007s ]
INFO: [ app_init ] --END-- [ RunTime:0.000202s ]
INFO: [ app_begin ] --START--
INFO: Run Behavior\ReadHtmlCacheBehavior [ RunTime:0.000245s ]
INFO: [ app_begin ] --END-- [ RunTime:0.000269s ]
NOTIC: [2] Declaration of Admin\Model\ShowModel::_after_insert(&$data, $options) should be compatible with Think\Model::_after_insert($data, $options) /var/www/html/App/Admin/Model/ShowModel.class.php 第 4 行.
NOTIC: [2] Declaration of Admin\Model\ShowModel::_after_update(&$data, $options) should be compatible with Think\Model::_after_update($data, $options) /var/www/html/App/Admin/Model/ShowModel.class.php 第 4 行.
SQL: SHOW COLUMNS FROM `currency_show` [ RunTime:0.0020s ]
SQL: SELECT * FROM `currency_show` WHERE ( currency_id=106 ) LIMIT 1   [ RunTime:0.0015s ]
INFO: [ view_parse ] --START--
INFO: [ template_filter ] --START--
INFO: Run Behavior\ContentReplaceBehavior [ RunTime:0.000099s ]
INFO: [ template_filter ] --END-- [ RunTime:0.000121s ]
NOTIC: [8] Use of undefined constant project_type - assumed 'project_type' /var/www/html/App/Runtime/Cache/Admin/c3c182873aca5368dae9b31dc6c07f6c.php 第 54 行.
NOTIC: [8] Undefined index: project_type /var/www/html/App/Runtime/Cache/Admin/c3c182873aca5368dae9b31dc6c07f6c.php 第 54 行.
NOTIC: [8] Use of undefined constant project_type - assumed 'project_type' /var/www/html/App/Runtime/Cache/Admin/c3c182873aca5368dae9b31dc6c07f6c.php 第 55 行.
NOTIC: [8] Undefined index: project_type /var/www/html/App/Runtime/Cache/Admin/c3c182873aca5368dae9b31dc6c07f6c.php 第 55 行.
NOTIC: [8] Use of undefined constant project_type - assumed 'project_type' /var/www/html/App/Runtime/Cache/Admin/c3c182873aca5368dae9b31dc6c07f6c.php 第 56 行.
NOTIC: [8] Undefined index: project_type /var/www/html/App/Runtime/Cache/Admin/c3c182873aca5368dae9b31dc6c07f6c.php 第 56 行.
NOTIC: [8] Use of undefined constant ishot - assumed 'ishot' /var/www/html/App/Runtime/Cache/Admin/c3c182873aca5368dae9b31dc6c07f6c.php 第 65 行.
NOTIC: [8] Use of undefined constant ishot - assumed 'ishot' /var/www/html/App/Runtime/Cache/Admin/c3c182873aca5368dae9b31dc6c07f6c.php 第 66 行.
NOTIC: [8] Use of undefined constant ishot - assumed 'ishot' /var/www/html/App/Runtime/Cache/Admin/c3c182873aca5368dae9b31dc6c07f6c.php 第 67 行.
NOTIC: [8] Use of undefined constant ishot - assumed 'ishot' /var/www/html/App/Runtime/Cache/Admin/c3c182873aca5368dae9b31dc6c07f6c.php 第 68 行.
NOTIC: [8] Use of undefined constant risk_score - assumed 'risk_score' /var/www/html/App/Runtime/Cache/Admin/c3c182873aca5368dae9b31dc6c07f6c.php 第 75 行.
NOTIC: [8] Use of undefined constant risk_score - assumed 'risk_score' /var/www/html/App/Runtime/Cache/Admin/c3c182873aca5368dae9b31dc6c07f6c.php 第 77 行.
NOTIC: [8] Use of undefined constant risk_score - assumed 'risk_score' /var/www/html/App/Runtime/Cache/Admin/c3c182873aca5368dae9b31dc6c07f6c.php 第 79 行.
NOTIC: [8] Use of undefined constant risk_score - assumed 'risk_score' /var/www/html/App/Runtime/Cache/Admin/c3c182873aca5368dae9b31dc6c07f6c.php 第 81 行.
NOTIC: [8] Use of undefined constant assessment - assumed 'assessment' /var/www/html/App/Runtime/Cache/Admin/c3c182873aca5368dae9b31dc6c07f6c.php 第 87 行.
NOTIC: [8] Use of undefined constant A - assumed 'A' /var/www/html/App/Runtime/Cache/Admin/c3c182873aca5368dae9b31dc6c07f6c.php 第 87 行.
NOTIC: [8] Use of undefined constant assessment - assumed 'assessment' /var/www/html/App/Runtime/Cache/Admin/c3c182873aca5368dae9b31dc6c07f6c.php 第 89 行.
NOTIC: [8] Use of undefined constant B - assumed 'B' /var/www/html/App/Runtime/Cache/Admin/c3c182873aca5368dae9b31dc6c07f6c.php 第 89 行.
NOTIC: [8] Use of undefined constant assessment - assumed 'assessment' /var/www/html/App/Runtime/Cache/Admin/c3c182873aca5368dae9b31dc6c07f6c.php 第 91 行.
NOTIC: [8] Use of undefined constant C - assumed 'C' /var/www/html/App/Runtime/Cache/Admin/c3c182873aca5368dae9b31dc6c07f6c.php 第 91 行.
NOTIC: [8] Use of undefined constant assessment - assumed 'assessment' /var/www/html/App/Runtime/Cache/Admin/c3c182873aca5368dae9b31dc6c07f6c.php 第 93 行.
NOTIC: [8] Use of undefined constant D - assumed 'D' /var/www/html/App/Runtime/Cache/Admin/c3c182873aca5368dae9b31dc6c07f6c.php 第 93 行.
NOTIC: [8] Use of undefined constant assessment - assumed 'assessment' /var/www/html/App/Runtime/Cache/Admin/c3c182873aca5368dae9b31dc6c07f6c.php 第 95 行.
NOTIC: [8] Use of undefined constant E - assumed 'E' /var/www/html/App/Runtime/Cache/Admin/c3c182873aca5368dae9b31dc6c07f6c.php 第 95 行.
NOTIC: [8] Use of undefined constant assessment - assumed 'assessment' /var/www/html/App/Runtime/Cache/Admin/c3c182873aca5368dae9b31dc6c07f6c.php 第 97 行.
NOTIC: [8] Use of undefined constant F - assumed 'F' /var/www/html/App/Runtime/Cache/Admin/c3c182873aca5368dae9b31dc6c07f6c.php 第 97 行.
NOTIC: [8] Undefined index: exchange /var/www/html/App/Runtime/Cache/Admin/c3c182873aca5368dae9b31dc6c07f6c.php 第 153 行.
NOTIC: [2] Invalid argument supplied for foreach() /var/www/html/App/Runtime/Cache/Admin/c3c182873aca5368dae9b31dc6c07f6c.php 第 153 行.
NOTIC: [8] Use of undefined constant state - assumed 'state' /var/www/html/App/Runtime/Cache/Admin/c3c182873aca5368dae9b31dc6c07f6c.php 第 180 行.
NOTIC: [8] Undefined index: state /var/www/html/App/Runtime/Cache/Admin/c3c182873aca5368dae9b31dc6c07f6c.php 第 180 行.
NOTIC: [8] Use of undefined constant state - assumed 'state' /var/www/html/App/Runtime/Cache/Admin/c3c182873aca5368dae9b31dc6c07f6c.php 第 181 行.
NOTIC: [8] Undefined index: state /var/www/html/App/Runtime/Cache/Admin/c3c182873aca5368dae9b31dc6c07f6c.php 第 181 行.
NOTIC: [8] Use of undefined constant state - assumed 'state' /var/www/html/App/Runtime/Cache/Admin/c3c182873aca5368dae9b31dc6c07f6c.php 第 190 行.
NOTIC: [8] Undefined index: state /var/www/html/App/Runtime/Cache/Admin/c3c182873aca5368dae9b31dc6c07f6c.php 第 190 行.
INFO: Run Behavior\ParseTemplateBehavior [ RunTime:0.005022s ]
INFO: [ view_parse ] --END-- [ RunTime:0.005040s ]
INFO: [ view_filter ] --START--
INFO: Run Behavior\WriteHtmlCacheBehavior [ RunTime:0.000107s ]
INFO: [ view_filter ] --END-- [ RunTime:0.000123s ]
INFO: [ app_end ] --START--
INFO: Run Behavior\ShowPageTraceBehavior [ RunTime:0.000321s ]
INFO: [ app_end ] --END-- [ RunTime:0.000344s ]

[ 2018-01-22T20:01:04+08:00 ] 183.63.92.250 /index.php/Admin/Admin/upd
INFO: [ app_init ] --START--
INFO: Run Behavior\BuildLiteBehavior [ RunTime:0.000007s ]
INFO: [ app_init ] --END-- [ RunTime:0.000204s ]
INFO: [ app_begin ] --START--
INFO: Run Behavior\ReadHtmlCacheBehavior [ RunTime:0.000281s ]
INFO: [ app_begin ] --END-- [ RunTime:0.000308s ]
NOTIC: [2] Declaration of Admin\Model\ShowModel::_after_insert(&$data, $options) should be compatible with Think\Model::_after_insert($data, $options) /var/www/html/App/Admin/Model/ShowModel.class.php 第 4 行.
NOTIC: [2] Declaration of Admin\Model\ShowModel::_after_update(&$data, $options) should be compatible with Think\Model::_after_update($data, $options) /var/www/html/App/Admin/Model/ShowModel.class.php 第 4 行.
SQL: SHOW COLUMNS FROM `currency_show` [ RunTime:0.0023s ]
NOTIC: [8] Undefined index: validate /var/www/html/ThinkPHP/Library/Think/Model.class.php 第 1185 行.
SQL: SELECT * FROM `currency_show` WHERE `currency_name` = 'BTG' AND `currency_id` <> '106' LIMIT 1   [ RunTime:0.0017s ]
SQL: SELECT * FROM `currency_show` WHERE `currency` = 'bitcoin-gold' AND `currency_id` <> '106' LIMIT 1   [ RunTime:0.0017s ]
NOTIC: [8] Undefined index: auto /var/www/html/ThinkPHP/Library/Think/Model.class.php 第 1128 行.
NOTIC: [8] Undefined index: validate /var/www/html/ThinkPHP/Library/Think/Model.class.php 第 1185 行.
SQL: SELECT * FROM `currency_show` WHERE `currency_name` = 'BTG' AND `currency_id` <> '106' LIMIT 1   [ RunTime:0.0016s ]
SQL: SELECT * FROM `currency_show` WHERE `currency` = 'bitcoin-gold' AND `currency_id` <> '106' LIMIT 1   [ RunTime:0.0017s ]
NOTIC: [8] Undefined index: auto /var/www/html/ThinkPHP/Library/Think/Model.class.php 第 1128 行.
NOTIC: [2] call_user_func() expects parameter 1 to be a valid callback, no array or string given /var/www/html/ThinkPHP/Library/Think/Upload.class.php 第 170 行.
SQL: SELECT `logo_path`,`thumb_path` FROM `currency_show` WHERE `currency_id` = 106 LIMIT 1   [ RunTime:0.0016s ]
NOTIC: [8] Undefined variable: x /var/www/html/ThinkPHP/Library/Think/Image/Driver/Gd.class.php 第 270 行.
NOTIC: [8] Undefined variable: y /var/www/html/ThinkPHP/Library/Think/Image/Driver/Gd.class.php 第 270 行.
SQL: UPDATE `currency_show` SET `currency_id`='106',`currency_name`='BTG',`chn_name`='',`project_name`='',`currency`='bitcoin-gold',`introduction`='暂无',`emarket`='0',`logo_path`='2018-01-22/5a65d27f4b1aa.png',`thumb_path`='2018-01-22/thumb_5a65d27f4b1aa.png' WHERE ( currency_id=106 ) [ RunTime:0.0019s ]
INFO: [ view_parse ] --START--
INFO: [ template_filter ] --START--
INFO: Run Behavior\ContentReplaceBehavior [ RunTime:0.000026s ]
INFO: [ template_filter ] --END-- [ RunTime:0.000056s ]
INFO: Run Behavior\ParseTemplateBehavior [ RunTime:0.003424s ]
INFO: [ view_parse ] --END-- [ RunTime:0.003458s ]
INFO: [ view_filter ] --START--
INFO: Run Behavior\WriteHtmlCacheBehavior [ RunTime:0.000160s ]
INFO: [ view_filter ] --END-- [ RunTime:0.000178s ]

[ 2018-01-22T20:01:07+08:00 ] 183.63.92.250 /index.php/Admin/Admin/index.html
INFO: [ app_init ] --START--
INFO: Run Behavior\BuildLiteBehavior [ RunTime:0.000008s ]
INFO: [ app_init ] --END-- [ RunTime:0.000204s ]
INFO: [ app_begin ] --START--
INFO: Run Behavior\ReadHtmlCacheBehavior [ RunTime:0.000265s ]
INFO: [ app_begin ] --END-- [ RunTime:0.000289s ]
NOTIC: [2] Declaration of Admin\Model\ShowModel::_after_insert(&$data, $options) should be compatible with Think\Model::_after_insert($data, $options) /var/www/html/App/Admin/Model/ShowModel.class.php 第 4 行.
NOTIC: [2] Declaration of Admin\Model\ShowModel::_after_update(&$data, $options) should be compatible with Think\Model::_after_update($data, $options) /var/www/html/App/Admin/Model/ShowModel.class.php 第 4 行.
SQL: SHOW COLUMNS FROM `currency_show` [ RunTime:0.0023s ]
SQL: SELECT * FROM `currency_show` ORDER BY currency_id desc  [ RunTime:0.0018s ]
SQL: SHOW COLUMNS FROM `currency_assessment` [ RunTime:0.0017s ]
SQL: SELECT `p_id` FROM `currency_assessment`  [ RunTime:0.0015s ]
NOTIC: [8] Undefined offset: 0 /var/www/html/App/Admin/Controller/AdminController.class.php 第 37 行.
NOTIC: [8] Undefined offset: 0 /var/www/html/App/Admin/Controller/AdminController.class.php 第 37 行.
NOTIC: [8] Undefined offset: 0 /var/www/html/App/Admin/Controller/AdminController.class.php 第 37 行.
NOTIC: [8] Undefined offset: 0 /var/www/html/App/Admin/Controller/AdminController.class.php 第 37 行.
NOTIC: [8] Undefined offset: 0 /var/www/html/App/Admin/Controller/AdminController.class.php 第 37 行.
NOTIC: [8] Undefined offset: 0 /var/www/html/App/Admin/Controller/AdminController.class.php 第 37 行.
NOTIC: [8] Undefined offset: 0 /var/www/html/App/Admin/Controller/AdminController.class.php 第 37 行.
NOTIC: [8] Undefined offset: 0 /var/www/html/App/Admin/Controller/AdminController.class.php 第 37 行.
NOTIC: [8] Undefined offset: 0 /var/www/html/App/Admin/Controller/AdminController.class.php 第 37 行.
NOTIC: [8] Undefined offset: 0 /var/www/html/App/Admin/Controller/AdminController.class.php 第 37 行.
NOTIC: [8] Undefined offset: 0 /var/www/html/App/Admin/Controller/AdminController.class.php 第 37 行.
NOTIC: [8] Undefined offset: 0 /var/www/html/App/Admin/Controller/AdminController.class.php 第 37 行.
NOTIC: [8] Undefined offset: 0 /var/www/html/App/Admin/Controller/AdminController.class.php 第 37 行.
NOTIC: [8] Undefined offset: 0 /var/www/html/App/Admin/Controller/AdminController.class.php 第 37 行.
NOTIC: [8] Undefined offset: 0 /var/www/html/App/Admin/Controller/AdminController.class.php 第 37 行.
NOTIC: [8] Undefined offset: 0 /var/www/html/App/Admin/Controller/AdminController.class.php 第 37 行.
NOTIC: [8] Undefined offset: 0 /var/www/html/App/Admin/Controller/AdminController.class.php 第 37 行.
NOTIC: [8] Undefined offset: 0 /var/www/html/App/Admin/Controller/AdminController.class.php 第 37 行.
NOTIC: [8] Undefined offset: 0 /var/www/html/App/Admin/Controller/AdminController.class.php 第 37 行.
NOTIC: [8] Undefined offset: 0 /var/www/html/App/Admin/Controller/AdminController.class.php 第 37 行.
NOTIC: [8] Undefined offset: 0 /var/www/html/App/Admin/Controller/AdminController.class.php 第 37 行.
NOTIC: [8] Undefined offset: 0 /var/www/html/App/Admin/Controller/AdminController.class.php 第 37 行.
NOTIC: [8] Undefined offset: 0 /var/www/html/App/Admin/Controller/AdminController.class.php 第 37 行.
NOTIC: [8] Undefined offset: 0 /var/www/html/App/Admin/Controller/AdminController.class.php 第 37 行.
NOTIC: [8] Undefined offset: 0 /var/www/html/App/Admin/Controller/AdminController.class.php 第 37 行.
NOTIC: [8] Undefined offset: 0 /var/www/html/App/Admin/Controller/AdminController.class.php 第 37 行.
NOTIC: [8] Undefined offset: 0 /var/www/html/App/Admin/Controller/AdminController.class.php 第 37 行.
NOTIC: [8] Undefined offset: 0 /var/www/html/App/Admin/Controller/AdminController.class.php 第 37 行.
NOTIC: [8] Undefined offset: 0 /var/www/html/App/Admin/Controller/AdminController.class.php 第 37 行.
NOTIC: [8] Undefined offset: 0 /var/www/html/App/Admin/Controller/AdminController.class.php 第 37 行.
NOTIC: [8] Undefined offset: 0 /var/www/html/App/Admin/Controller/AdminController.class.php 第 37 行.
NOTIC: [8] Undefined offset: 0 /var/www/html/App/Admin/Controller/AdminController.class.php 第 37 行.
NOTIC: [8] Undefined offset: 0 /var/www/html/App/Admin/Controller/AdminController.class.php 第 37 行.
NOTIC: [8] Undefined offset: 0 /var/www/html/App/Admin/Controller/AdminController.class.php 第 37 行.
NOTIC: [8] Undefined offset: 0 /var/www/html/App/Admin/Controller/AdminController.class.php 第 37 行.
NOTIC: [8] Undefined offset: 0 /var/www/html/App/Admin/Controller/AdminController.class.php 第 37 行.
NOTIC: [8] Undefined offset: 0 /var/www/html/App/Admin/Controller/AdminController.class.php 第 37 行.
NOTIC: [8] Undefined offset: 0 /var/www/html/App/Admin/Controller/AdminController.class.php 第 37 行.
NOTIC: [8] Undefined offset: 0 /var/www/html/App/Admin/Controller/AdminController.class.php 第 37 行.
NOTIC: [8] Undefined offset: 0 /var/www/html/App/Admin/Controller/AdminController.class.php 第 37 行.
NOTIC: [8] Undefined offset: 0 /var/www/html/App/Admin/Controller/AdminController.class.php 第 37 行.
NOTIC: [8] Undefined offset: 0 /var/www/html/App/Admin/Controller/AdminController.class.php 第 37 行.
NOTIC: [8] Undefined offset: 0 /var/www/html/App/Admin/Controller/AdminController.class.php 第 37 行.
NOTIC: [8] Undefined offset: 0 /var/www/html/App/Admin/Controller/AdminController.class.php 第 37 行.
NOTIC: [8] Undefined offset: 0 /var/www/html/App/Admin/Controller/AdminController.class.php 第 37 行.
NOTIC: [8] Undefined offset: 0 /var/www/html/App/Admin/Controller/AdminController.class.php 第 37 行.
NOTIC: [8] Undefined offset: 0 /var/www/html/App/Admin/Controller/AdminController.class.php 第 37 行.
NOTIC: [8] Undefined offset: 0 /var/www/html/App/Admin/Controller/AdminController.class.php 第 37 行.
NOTIC: [8] Undefined offset: 0 /var/www/html/App/Admin/Controller/AdminController.class.php 第 37 行.
NOTIC: [8] Undefined offset: 0 /var/www/html/App/Admin/Controller/AdminController.class.php 第 37 行.
NOTIC: [8] Undefined offset: 0 /var/www/html/App/Admin/Controller/AdminController.class.php 第 37 行.
NOTIC: [8] Undefined offset: 0 /var/www/html/App/Admin/Controller/AdminController.class.php 第 37 行.
NOTIC: [8] Undefined offset: 0 /var/www/html/App/Admin/Controller/AdminController.class.php 第 37 行.
NOTIC: [8] Undefined offset: 0 /var/www/html/App/Admin/Controller/AdminController.class.php 第 37 行.
NOTIC: [8] Undefined offset: 0 /var/www/html/App/Admin/Controller/AdminController.class.php 第 37 行.
NOTIC: [8] Undefined offset: 0 /var/www/html/App/Admin/Controller/AdminController.class.php 第 37 行.
NOTIC: [8] Undefined offset: 0 /var/www/html/App/Admin/Controller/AdminController.class.php 第 37 行.
NOTIC: [8] Undefined offset: 0 /var/www/html/App/Admin/Controller/AdminController.class.php 第 37 行.
NOTIC: [8] Undefined offset: 0 /var/www/html/App/Admin/Controller/AdminController.class.php 第 37 行.
NOTIC: [8] Undefined offset: 0 /var/www/html/App/Admin/Controller/AdminController.class.php 第 37 行.
NOTIC: [8] Undefined offset: 0 /var/www/html/App/Admin/Controller/AdminController.class.php 第 37 行.
NOTIC: [8] Undefined offset: 0 /var/www/html/App/Admin/Controller/AdminController.class.php 第 37 行.
NOTIC: [8] Undefined offset: 0 /var/www/html/App/Admin/Controller/AdminController.class.php 第 37 行.
NOTIC: [8] Undefined offset: 0 /var/www/html/App/Admin/Controller/AdminController.class.php 第 37 行.
NOTIC: [8] Undefined offset: 0 /var/www/html/App/Admin/Controller/AdminController.class.php 第 37 行.
NOTIC: [8] Undefined offset: 0 /var/www/html/App/Admin/Controller/AdminController.class.php 第 37 行.
NOTIC: [8] Undefined offset: 0 /var/www/html/App/Admin/Controller/AdminController.class.php 第 37 行.
NOTIC: [8] Undefined offset: 0 /var/www/html/App/Admin/Controller/AdminController.class.php 第 37 行.
NOTIC: [8] Undefined offset: 0 /var/www/html/App/Admin/Controller/AdminController.class.php 第 37 行.
NOTIC: [8] Undefined offset: 0 /var/www/html/App/Admin/Controller/AdminController.class.php 第 37 行.
NOTIC: [8] Undefined offset: 0 /var/www/html/App/Admin/Controller/AdminController.class.php 第 37 行.
NOTIC: [8] Undefined offset: 0 /var/www/html/App/Admin/Controller/AdminController.class.php 第 37 行.
NOTIC: [8] Undefined offset: 0 /var/www/html/App/Admin/Controller/AdminController.class.php 第 37 行.
NOTIC: [8] Undefined offset: 0 /var/www/html/App/Admin/Controller/AdminController.class.php 第 37 行.
NOTIC: [8] Undefined offset: 0 /var/www/html/App/Admin/Controller/AdminController.class.php 第 37 行.
NOTIC: [8] Undefined offset: 0 /var/www/html/App/Admin/Controller/AdminController.class.php 第 37 行.
NOTIC: [8] Undefined offset: 0 /var/www/html/App/Admin/Controller/AdminController.class.php 第 37 行.
NOTIC: [8] Undefined offset: 0 /var/www/html/App/Admin/Controller/AdminController.class.php 第 37 行.
NOTIC: [8] Undefined offset: 0 /var/www/html/App/Admin/Controller/AdminController.class.php 第 37 行.
NOTIC: [8] Undefined offset: 0 /var/www/html/App/Admin/Controller/AdminController.class.php 第 37 行.
NOTIC: [8] Undefined offset: 0 /var/www/html/App/Admin/Controller/AdminController.class.php 第 37 行.
NOTIC: [8] Undefined offset: 0 /var/www/html/App/Admin/Controller/AdminController.class.php 第 37 行.
NOTIC: [8] Undefined offset: 0 /var/www/html/App/Admin/Controller/AdminController.class.php 第 37 行.
NOTIC: [8] Undefined offset: 0 /var/www/html/App/Admin/Controller/AdminController.class.php 第 37 行.
NOTIC: [8] Undefined offset: 0 /var/www/html/App/Admin/Controller/AdminController.class.php 第 37 行.
NOTIC: [8] Undefined offset: 0 /var/www/html/App/Admin/Controller/AdminController.class.php 第 37 行.
NOTIC: [8] Undefined offset: 0 /var/www/html/App/Admin/Controller/AdminController.class.php 第 37 行.
NOTIC: [8] Undefined offset: 0 /var/www/html/App/Admin/Controller/AdminController.class.php 第 37 行.
NOTIC: [8] Undefined offset: 0 /var/www/html/App/Admin/Controller/AdminController.class.php 第 37 行.
NOTIC: [8] Undefined offset: 0 /var/www/html/App/Admin/Controller/AdminController.class.php 第 37 行.
NOTIC: [8] Undefined offset: 0 /var/www/html/App/Admin/Controller/AdminController.class.php 第 37 行.
NOTIC: [8] Undefined offset: 0 /var/www/html/App/Admin/Controller/AdminController.class.php 第 37 行.
NOTIC: [8] Undefined offset: 0 /var/www/html/App/Admin/Controller/AdminController.class.php 第 37 行.
NOTIC: [8] Undefined offset: 0 /var/www/html/App/Admin/Controller/AdminController.class.php 第 37 行.
NOTIC: [8] Undefined offset: 0 /var/www/html/App/Admin/Controller/AdminController.class.php 第 37 行.
NOTIC: [8] Undefined offset: 0 /var/www/html/App/Admin/Controller/AdminController.class.php 第 37 行.
NOTIC: [8] Undefined offset: 0 /var/www/html/App/Admin/Controller/AdminController.class.php 第 37 行.
NOTIC: [8] Undefined offset: 0 /var/www/html/App/Admin/Controller/AdminController.class.php 第 37 行.
NOTIC: [8] Undefined offset: 0 /var/www/html/App/Admin/Controller/AdminController.class.php 第 37 行.
NOTIC: [8] Undefined offset: 0 /var/www/html/App/Admin/Controller/AdminController.class.php 第 37 行.
NOTIC: [8] Undefined offset: 0 /var/www/html/App/Admin/Controller/AdminController.class.php 第 37 行.
NOTIC: [8] Undefined offset: 0 /var/www/html/App/Admin/Controller/AdminController.class.php 第 37 行.
NOTIC: [8] Undefined offset: 0 /var/www/html/App/Admin/Controller/AdminController.class.php 第 37 行.
NOTIC: [8] Undefined offset: 0 /var/www/html/App/Admin/Controller/AdminController.class.php 第 37 行.
NOTIC: [8] Undefined offset: 0 /var/www/html/App/Admin/Controller/AdminController.class.php 第 37 行.
NOTIC: [8] Undefined offset: 0 /var/www/html/App/Admin/Controller/AdminController.class.php 第 37 行.
NOTIC: [8] Undefined offset: 0 /var/www/html/App/Admin/Controller/AdminController.class.php 第 37 行.
NOTIC: [8] Undefined offset: 0 /var/www/html/App/Admin/Controller/AdminController.class.php 第 37 行.
NOTIC: [8] Undefined offset: 0 /var/www/html/App/Admin/Controller/AdminController.class.php 第 37 行.
NOTIC: [8] Undefined offset: 0 /var/www/html/App/Admin/Controller/AdminController.class.php 第 37 行.
NOTIC: [8] Undefined offset: 0 /var/www/html/App/Admin/Controller/AdminController.class.php 第 37 行.
NOTIC: [8] Undefined offset: 0 /var/www/html/App/Admin/Controller/AdminController.class.php 第 37 行.
NOTIC: [8] Undefined offset: 0 /var/www/html/App/Admin/Controller/AdminController.class.php 第 37 行.
NOTIC: [8] Undefined offset: 0 /var/www/html/App/Admin/Controller/AdminController.class.php 第 37 行.
NOTIC: [8] Undefined offset: 0 /var/www/html/App/Admin/Controller/AdminController.class.php 第 37 行.
NOTIC: [8] Undefined offset: 0 /var/www/html/App/Admin/Controller/AdminController.class.php 第 37 行.
NOTIC: [8] Undefined offset: 0 /var/www/html/App/Admin/Controller/AdminController.class.php 第 37 行.
NOTIC: [8] Undefined offset: 0 /var/www/html/App/Admin/Controller/AdminController.class.php 第 37 行.
NOTIC: [8] Undefined offset: 0 /var/www/html/App/Admin/Controller/AdminController.class.php 第 37 行.
NOTIC: [8] Undefined offset: 0 /var/www/html/App/Admin/Controller/AdminController.class.php 第 37 行.
NOTIC: [8] Undefined offset: 0 /var/www/html/App/Admin/Controller/AdminController.class.php 第 37 行.
NOTIC: [8] Undefined offset: 0 /var/www/html/App/Admin/Controller/AdminController.class.php 第 37 行.
NOTIC: [8] Undefined offset: 0 /var/www/html/App/Admin/Controller/AdminController.class.php 第 37 行.
NOTIC: [8] Undefined offset: 0 /var/www/html/App/Admin/Controller/AdminController.class.php 第 37 行.
NOTIC: [8] Undefined offset: 0 /var/www/html/App/Admin/Controller/AdminController.class.php 第 37 行.
NOTIC: [8] Undefined offset: 0 /var/www/html/App/Admin/Controller/AdminController.class.php 第 37 行.
NOTIC: [8] Undefined offset: 0 /var/www/html/App/Admin/Controller/AdminController.class.php 第 37 行.
NOTIC: [8] Undefined offset: 0 /var/www/html/App/Admin/Controller/AdminController.class.php 第 37 行.
NOTIC: [8] Undefined offset: 0 /var/www/html/App/Admin/Controller/AdminController.class.php 第 37 行.
NOTIC: [8] Undefined offset: 0 /var/www/html/App/Admin/Controller/AdminController.class.php 第 37 行.
NOTIC: [8] Undefined offset: 0 /var/www/html/App/Admin/Controller/AdminController.class.php 第 37 行.
NOTIC: [8] Undefined offset: 0 /var/www/html/App/Admin/Controller/AdminController.class.php 第 37 行.
NOTIC: [8] Undefined offset: 0 /var/www/html/App/Admin/Controller/AdminController.class.php 第 37 行.
NOTIC: [8] Undefined offset: 0 /var/www/html/App/Admin/Controller/AdminController.class.php 第 37 行.
NOTIC: [8] Undefined offset: 0 /var/www/html/App/Admin/Controller/AdminController.class.php 第 37 行.
NOTIC: [8] Undefined offset: 0 /var/www/html/App/Admin/Controller/AdminController.class.php 第 37 行.
NOTIC: [8] Undefined offset: 0 /var/www/html/App/Admin/Controller/AdminController.class.php 第 37 行.
NOTIC: [8] Undefined offset: 0 /var/www/html/App/Admin/Controller/AdminController.class.php 第 37 行.
NOTIC: [8] Undefined offset: 0 /var/www/html/App/Admin/Controller/AdminController.class.php 第 37 行.
NOTIC: [8] Undefined offset: 0 /var/www/html/App/Admin/Controller/AdminController.class.php 第 37 行.
NOTIC: [8] Undefined offset: 0 /var/www/html/App/Admin/Controller/AdminController.class.php 第 37 行.
NOTIC: [8] Undefined offset: 0 /var/www/html/App/Admin/Controller/AdminController.class.php 第 37 行.
NOTIC: [8] Undefined offset: 0 /var/www/html/App/Admin/Controller/AdminController.class.php 第 37 行.
NOTIC: [8] Undefined offset: 0 /var/www/html/App/Admin/Controller/AdminController.class.php 第 37 行.
NOTIC: [8] Undefined offset: 0 /var/www/html/App/Admin/Controller/AdminController.class.php 第 37 行.
NOTIC: [8] Undefined offset: 0 /var/www/html/App/Admin/Controller/AdminController.class.php 第 37 行.
NOTIC: [8] Undefined offset: 0 /var/www/html/App/Admin/Controller/AdminController.class.php 第 37 行.
NOTIC: [8] Undefined offset: 0 /var/www/html/App/Admin/Controller/AdminController.class.php 第 37 行.
NOTIC: [8] Undefined offset: 0 /var/www/html/App/Admin/Controller/AdminController.class.php 第 37 行.
NOTIC: [8] Undefined offset: 0 /var/www/html/App/Admin/Controller/AdminController.class.php 第 37 行.
NOTIC: [8] Undefined offset: 0 /var/www/html/App/Admin/Controller/AdminController.class.php 第 37 行.
NOTIC: [8] Undefined offset: 0 /var/www/html/App/Admin/Controller/AdminController.class.php 第 37 行.
NOTIC: [8] Undefined offset: 0 /var/www/html/App/Admin/Controller/AdminController.class.php 第 37 行.
NOTIC: [8] Undefined offset: 0 /var/www/html/App/Admin/Controller/AdminController.class.php 第 37 行.
NOTIC: [8] Undefined offset: 0 /var/www/html/App/Admin/Controller/AdminController.class.php 第 37 行.
NOTIC: [8] Undefined offset: 0 /var/www/html/App/Admin/Controller/AdminController.class.php 第 37 行.
NOTIC: [8] Undefined offset: 0 /var/www/html/App/Admin/Controller/AdminController.class.php 第 37 行.
NOTIC: [8] Undefined offset: 0 /var/www/html/App/Admin/Controller/AdminController.class.php 第 37 行.
NOTIC: [8] Undefined offset: 0 /var/www/html/App/Admin/Controller/AdminController.class.php 第 37 行.
NOTIC: [8] Undefined offset: 0 /var/www/html/App/Admin/Controller/AdminController.class.php 第 37 行.
NOTIC: [8] Undefined offset: 0 /var/www/html/App/Admin/Controller/AdminController.class.php 第 37 行.
NOTIC: [8] Undefined offset: 0 /var/www/html/App/Admin/Controller/AdminController.class.php 第 37 行.
NOTIC: [8] Undefined offset: 0 /var/www/html/App/Admin/Controller/AdminController.class.php 第 37 行.
NOTIC: [8] Undefined offset: 0 /var/www/html/App/Admin/Controller/AdminController.class.php 第 37 行.
NOTIC: [8] Undefined offset: 0 /var/www/html/App/Admin/Controller/AdminController.class.php 第 37 行.
NOTIC: [8] Undefined offset: 0 /var/www/html/App/Admin/Controller/AdminController.class.php 第 37 行.
NOTIC: [8] Undefined offset: 0 /var/www/html/App/Admin/Controller/AdminController.class.php 第 37 行.
NOTIC: [8] Undefined offset: 0 /var/www/html/App/Admin/Controller/AdminController.class.php 第 37 行.
NOTIC: [8] Undefined offset: 0 /var/www/html/App/Admin/Controller/AdminController.class.php 第 37 行.
NOTIC: [8] Undefined offset: 0 /var/www/html/App/Admin/Controller/AdminController.class.php 第 37 行.
NOTIC: [8] Undefined offset: 0 /var/www/html/App/Admin/Controller/AdminController.class.php 第 37 行.
NOTIC: [8] Undefined offset: 0 /var/www/html/App/Admin/Controller/AdminController.class.php 第 37 行.
NOTIC: [8] Undefined offset: 0 /var/www/html/App/Admin/Controller/AdminController.class.php 第 37 行.
NOTIC: [8] Undefined offset: 0 /var/www/html/App/Admin/Controller/AdminController.class.php 第 37 行.
NOTIC: [8] Undefined offset: 0 /var/www/html/App/Admin/Controller/AdminController.class.php 第 37 行.
NOTIC: [8] Undefined offset: 0 /var/www/html/App/Admin/Controller/AdminController.class.php 第 37 行.
NOTIC: [8] Undefined offset: 0 /var/www/html/App/Admin/Controller/AdminController.class.php 第 37 行.
NOTIC: [8] Undefined offset: 0 /var/www/html/App/Admin/Controller/AdminController.class.php 第 37 行.
NOTIC: [8] Undefined offset: 0 /var/www/html/App/Admin/Controller/AdminController.class.php 第 37 行.
NOTIC: [8] Undefined offset: 0 /var/www/html/App/Admin/Controller/AdminController.class.php 第 37 行.
NOTIC: [8] Undefined offset: 0 /var/www/html/App/Admin/Controller/AdminController.class.php 第 37 行.
NOTIC: [8] Undefined offset: 0 /var/www/html/App/Admin/Controller/AdminController.class.php 第 37 行.
NOTIC: [8] Undefined offset: 0 /var/www/html/App/Admin/Controller/AdminController.class.php 第 37 行.
NOTIC: [8] Undefined offset: 0 /var/www/html/App/Admin/Controller/AdminController.class.php 第 37 行.
NOTIC: [8] Undefined offset: 0 /var/www/html/App/Admin/Controller/AdminController.class.php 第 37 行.
NOTIC: [8] Undefined offset: 0 /var/www/html/App/Admin/Controller/AdminController.class.php 第 37 行.
NOTIC: [8] Undefined offset: 0 /var/www/html/App/Admin/Controller/AdminController.class.php 第 37 行.
NOTIC: [8] Undefined offset: 0 /var/www/html/App/Admin/Controller/AdminController.class.php 第 37 行.
NOTIC: [8] Undefined offset: 0 /var/www/html/App/Admin/Controller/AdminController.class.php 第 37 行.
NOTIC: [8] Undefined offset: 0 /var/www/html/App/Admin/Controller/AdminController.class.php 第 37 行.
NOTIC: [8] Undefined offset: 0 /var/www/html/App/Admin/Controller/AdminController.class.php 第 37 行.
NOTIC: [8] Undefined offset: 0 /var/www/html/App/Admin/Controller/AdminController.class.php 第 37 行.
NOTIC: [8] Undefined offset: 0 /var/www/html/App/Admin/Controller/AdminController.class.php 第 37 行.
NOTIC: [8] Undefined offset: 0 /var/www/html/App/Admin/Controller/AdminController.class.php 第 37 行.
NOTIC: [8] Undefined offset: 0 /var/www/html/App/Admin/Controller/AdminController.class.php 第 37 行.
NOTIC: [8] Undefined offset: 0 /var/www/html/App/Admin/Controller/AdminController.class.php 第 37 行.
NOTIC: [8] Undefined offset: 0 /var/www/html/App/Admin/Controller/AdminController.class.php 第 37 行.
NOTIC: [8] Undefined offset: 0 /var/www/html/App/Admin/Controller/AdminController.class.php 第 37 行.
NOTIC: [8] Undefined offset: 0 /var/www/html/App/Admin/Controller/AdminController.class.php 第 37 行.
NOTIC: [8] Undefined offset: 0 /var/www/html/App/Admin/Controller/AdminController.class.php 第 37 行.
NOTIC: [8] Undefined offset: 0 /var/www/html/App/Admin/Controller/AdminController.class.php 第 37 行.
NOTIC: [8] Undefined offset: 0 /var/www/html/App/Admin/Controller/AdminController.class.php 第 37 行.
NOTIC: [8] Undefined offset: 0 /var/www/html/App/Admin/Controller/AdminController.class.php 第 37 行.
NOTIC: [8] Undefined offset: 0 /var/www/html/App/Admin/Controller/AdminController.class.php 第 37 行.
NOTIC: [8] Undefined offset: 0 /var/www/html/App/Admin/Controller/AdminController.class.php 第 37 行.
NOTIC: [8] Undefined offset: 0 /var/www/html/App/Admin/Controller/AdminController.class.php 第 37 行.
NOTIC: [8] Undefined offset: 0 /var/www/html/App/Admin/Controller/AdminController.class.php 第 37 行.
SQL: SHOW COLUMNS FROM `currency_interview` [ RunTime:0.0019s ]
SQL: SELECT * FROM `currency_interview` ORDER BY iv_id desc  [ RunTime:2.2983s ]
NOTIC: [2] Declaration of Admin\Model\NoticModel::_before_update($options) should be compatible with Think\Model::_before_update(&$data, $options) /var/www/html/App/Admin/Model/NoticModel.class.php 第 42 行.
SQL: SHOW COLUMNS FROM `currency_notic` [ RunTime:0.0021s ]
SQL: SELECT * FROM `currency_notic` ORDER BY no_id desc  [ RunTime:0.0152s ]
SQL: SHOW COLUMNS FROM `currency_logo` [ RunTime:0.0018s ]
SQL: SELECT * FROM `currency_logo`  [ RunTime:0.0014s ]
INFO: [ view_parse ] --START--
INFO: [ template_filter ] --START--
INFO: Run Behavior\ContentReplaceBehavior [ RunTime:0.000365s ]
INFO: [ template_filter ] --END-- [ RunTime:0.000394s ]
NOTIC: [8] Undefined index: project_type /var/www/html/App/Runtime/Cache/Admin/733743670daa568cabf38de33bbf3c08.php 第 149 行.
NOTIC: [8] Undefined index: project_type /var/www/html/App/Runtime/Cache/Admin/733743670daa568cabf38de33bbf3c08.php 第 149 行.
NOTIC: [8] Undefined index: project_type /var/www/html/App/Runtime/Cache/Admin/733743670daa568cabf38de33bbf3c08.php 第 149 行.
NOTIC: [8] Undefined index: project_type /var/www/html/App/Runtime/Cache/Admin/733743670daa568cabf38de33bbf3c08.php 第 149 行.
NOTIC: [8] Undefined index: project_type /var/www/html/App/Runtime/Cache/Admin/733743670daa568cabf38de33bbf3c08.php 第 149 行.
NOTIC: [8] Undefined index: project_type /var/www/html/App/Runtime/Cache/Admin/733743670daa568cabf38de33bbf3c08.php 第 149 行.
NOTIC: [8] Undefined index: project_type /var/www/html/App/Runtime/Cache/Admin/733743670daa568cabf38de33bbf3c08.php 第 149 行.
NOTIC: [8] Undefined index: project_type /var/www/html/App/Runtime/Cache/Admin/733743670daa568cabf38de33bbf3c08.php 第 149 行.
NOTIC: [8] Undefined index: project_type /var/www/html/App/Runtime/Cache/Admin/733743670daa568cabf38de33bbf3c08.php 第 149 行.
NOTIC: [8] Undefined index: project_type /var/www/html/App/Runtime/Cache/Admin/733743670daa568cabf38de33bbf3c08.php 第 149 行.
NOTIC: [8] Undefined index: project_type /var/www/html/App/Runtime/Cache/Admin/733743670daa568cabf38de33bbf3c08.php 第 149 行.
NOTIC: [8] Undefined index: project_type /var/www/html/App/Runtime/Cache/Admin/733743670daa568cabf38de33bbf3c08.php 第 149 行.
NOTIC: [8] Undefined index: project_type /var/www/html/App/Runtime/Cache/Admin/733743670daa568cabf38de33bbf3c08.php 第 149 行.
NOTIC: [8] Undefined index: project_type /var/www/html/App/Runtime/Cache/Admin/733743670daa568cabf38de33bbf3c08.php 第 149 行.
NOTIC: [8] Undefined index: project_type /var/www/html/App/Runtime/Cache/Admin/733743670daa568cabf38de33bbf3c08.php 第 149 行.
NOTIC: [8] Undefined index: project_type /var/www/html/App/Runtime/Cache/Admin/733743670daa568cabf38de33bbf3c08.php 第 149 行.
NOTIC: [8] Undefined index: project_type /var/www/html/App/Runtime/Cache/Admin/733743670daa568cabf38de33bbf3c08.php 第 149 行.
NOTIC: [8] Undefined index: project_type /var/www/html/App/Runtime/Cache/Admin/733743670daa568cabf38de33bbf3c08.php 第 149 行.
NOTIC: [8] Undefined index: project_type /var/www/html/App/Runtime/Cache/Admin/733743670daa568cabf38de33bbf3c08.php 第 149 行.
NOTIC: [8] Undefined index: project_type /var/www/html/App/Runtime/Cache/Admin/733743670daa568cabf38de33bbf3c08.php 第 149 行.
NOTIC: [8] Undefined index: project_type /var/www/html/App/Runtime/Cache/Admin/733743670daa568cabf38de33bbf3c08.php 第 149 行.
NOTIC: [8] Undefined index: project_type /var/www/html/App/Runtime/Cache/Admin/733743670daa568cabf38de33bbf3c08.php 第 149 行.
NOTIC: [8] Undefined index: project_type /var/www/html/App/Runtime/Cache/Admin/733743670daa568cabf38de33bbf3c08.php 第 149 行.
NOTIC: [8] Undefined index: project_type /var/www/html/App/Runtime/Cache/Admin/733743670daa568cabf38de33bbf3c08.php 第 149 行.
NOTIC: [8] Undefined index: project_type /var/www/html/App/Runtime/Cache/Admin/733743670daa568cabf38de33bbf3c08.php 第 149 行.
NOTIC: [8] Undefined index: project_type /var/www/html/App/Runtime/Cache/Admin/733743670daa568cabf38de33bbf3c08.php 第 149 行.
NOTIC: [8] Undefined index: project_type /var/www/html/App/Runtime/Cache/Admin/733743670daa568cabf38de33bbf3c08.php 第 149 行.
NOTIC: [8] Undefined index: project_type /var/www/html/App/Runtime/Cache/Admin/733743670daa568cabf38de33bbf3c08.php 第 149 行.
NOTIC: [8] Undefined index: project_type /var/www/html/App/Runtime/Cache/Admin/733743670daa568cabf38de33bbf3c08.php 第 149 行.
NOTIC: [8] Undefined index: project_type /var/www/html/App/Runtime/Cache/Admin/733743670daa568cabf38de33bbf3c08.php 第 149 行.
NOTIC: [8] Undefined index: project_type /var/www/html/App/Runtime/Cache/Admin/733743670daa568cabf38de33bbf3c08.php 第 149 行.
NOTIC: [8] Undefined index: project_type /var/www/html/App/Runtime/Cache/Admin/733743670daa568cabf38de33bbf3c08.php 第 149 行.
NOTIC: [8] Undefined index: project_type /var/www/html/App/Runtime/Cache/Admin/733743670daa568cabf38de33bbf3c08.php 第 149 行.
NOTIC: [8] Undefined index: project_type /var/www/html/App/Runtime/Cache/Admin/733743670daa568cabf38de33bbf3c08.php 第 149 行.
NOTIC: [8] Undefined index: project_type /var/www/html/App/Runtime/Cache/Admin/733743670daa568cabf38de33bbf3c08.php 第 149 行.
NOTIC: [8] Undefined index: project_type /var/www/html/App/Runtime/Cache/Admin/733743670daa568cabf38de33bbf3c08.php 第 149 行.
NOTIC: [8] Undefined index: project_type /var/www/html/App/Runtime/Cache/Admin/733743670daa568cabf38de33bbf3c08.php 第 149 行.
NOTIC: [8] Undefined index: project_type /var/www/html/App/Runtime/Cache/Admin/733743670daa568cabf38de33bbf3c08.php 第 149 行.
NOTIC: [8] Undefined index: project_type /var/www/html/App/Runtime/Cache/Admin/733743670daa568cabf38de33bbf3c08.php 第 149 行.
NOTIC: [8] Undefined index: project_type /var/www/html/App/Runtime/Cache/Admin/733743670daa568cabf38de33bbf3c08.php 第 149 行.
NOTIC: [8] Undefined index: project_type /var/www/html/App/Runtime/Cache/Admin/733743670daa568cabf38de33bbf3c08.php 第 149 行.
NOTIC: [8] Undefined index: project_type /var/www/html/App/Runtime/Cache/Admin/733743670daa568cabf38de33bbf3c08.php 第 149 行.
NOTIC: [8] Undefined index: project_type /var/www/html/App/Runtime/Cache/Admin/733743670daa568cabf38de33bbf3c08.php 第 149 行.
NOTIC: [8] Undefined index: project_type /var/www/html/App/Runtime/Cache/Admin/733743670daa568cabf38de33bbf3c08.php 第 149 行.
NOTIC: [8] Undefined index: project_type /var/www/html/App/Runtime/Cache/Admin/733743670daa568cabf38de33bbf3c08.php 第 149 行.
NOTIC: [8] Undefined index: project_type /var/www/html/App/Runtime/Cache/Admin/733743670daa568cabf38de33bbf3c08.php 第 149 行.
NOTIC: [8] Undefined index: project_type /var/www/html/App/Runtime/Cache/Admin/733743670daa568cabf38de33bbf3c08.php 第 149 行.
NOTIC: [8] Undefined index: project_type /var/www/html/App/Runtime/Cache/Admin/733743670daa568cabf38de33bbf3c08.php 第 149 行.
NOTIC: [8] Undefined index: project_type /var/www/html/App/Runtime/Cache/Admin/733743670daa568cabf38de33bbf3c08.php 第 149 行.
NOTIC: [8] Undefined index: project_type /var/www/html/App/Runtime/Cache/Admin/733743670daa568cabf38de33bbf3c08.php 第 149 行.
NOTIC: [8] Undefined index: project_type /var/www/html/App/Runtime/Cache/Admin/733743670daa568cabf38de33bbf3c08.php 第 149 行.
NOTIC: [8] Undefined index: project_type /var/www/html/App/Runtime/Cache/Admin/733743670daa568cabf38de33bbf3c08.php 第 149 行.
NOTIC: [8] Undefined index: project_type /var/www/html/App/Runtime/Cache/Admin/733743670daa568cabf38de33bbf3c08.php 第 149 行.
NOTIC: [8] Undefined index: project_type /var/www/html/App/Runtime/Cache/Admin/733743670daa568cabf38de33bbf3c08.php 第 149 行.
NOTIC: [8] Undefined index: project_type /var/www/html/App/Runtime/Cache/Admin/733743670daa568cabf38de33bbf3c08.php 第 149 行.
NOTIC: [8] Undefined index: project_type /var/www/html/App/Runtime/Cache/Admin/733743670daa568cabf38de33bbf3c08.php 第 149 行.
NOTIC: [8] Undefined index: project_type /var/www/html/App/Runtime/Cache/Admin/733743670daa568cabf38de33bbf3c08.php 第 149 行.
NOTIC: [8] Undefined index: project_type /var/www/html/App/Runtime/Cache/Admin/733743670daa568cabf38de33bbf3c08.php 第 149 行.
NOTIC: [8] Undefined index: project_type /var/www/html/App/Runtime/Cache/Admin/733743670daa568cabf38de33bbf3c08.php 第 149 行.
NOTIC: [8] Undefined index: project_type /var/www/html/App/Runtime/Cache/Admin/733743670daa568cabf38de33bbf3c08.php 第 149 行.
NOTIC: [8] Undefined index: project_type /var/www/html/App/Runtime/Cache/Admin/733743670daa568cabf38de33bbf3c08.php 第 149 行.
NOTIC: [8] Undefined index: project_type /var/www/html/App/Runtime/Cache/Admin/733743670daa568cabf38de33bbf3c08.php 第 149 行.
NOTIC: [8] Undefined index: project_type /var/www/html/App/Runtime/Cache/Admin/733743670daa568cabf38de33bbf3c08.php 第 149 行.
NOTIC: [8] Undefined index: project_type /var/www/html/App/Runtime/Cache/Admin/733743670daa568cabf38de33bbf3c08.php 第 149 行.
NOTIC: [8] Undefined index: project_type /var/www/html/App/Runtime/Cache/Admin/733743670daa568cabf38de33bbf3c08.php 第 149 行.
NOTIC: [8] Undefined index: project_type /var/www/html/App/Runtime/Cache/Admin/733743670daa568cabf38de33bbf3c08.php 第 149 行.
NOTIC: [8] Undefined index: project_type /var/www/html/App/Runtime/Cache/Admin/733743670daa568cabf38de33bbf3c08.php 第 149 行.
NOTIC: [8] Undefined index: project_type /var/www/html/App/Runtime/Cache/Admin/733743670daa568cabf38de33bbf3c08.php 第 149 行.
NOTIC: [8] Undefined index: project_type /var/www/html/App/Runtime/Cache/Admin/733743670daa568cabf38de33bbf3c08.php 第 149 行.
NOTIC: [8] Undefined index: project_type /var/www/html/App/Runtime/Cache/Admin/733743670daa568cabf38de33bbf3c08.php 第 149 行.
NOTIC: [8] Undefined index: project_type /var/www/html/App/Runtime/Cache/Admin/733743670daa568cabf38de33bbf3c08.php 第 149 行.
NOTIC: [8] Undefined index: project_type /var/www/html/App/Runtime/Cache/Admin/733743670daa568cabf38de33bbf3c08.php 第 149 行.
NOTIC: [8] Undefined index: project_type /var/www/html/App/Runtime/Cache/Admin/733743670daa568cabf38de33bbf3c08.php 第 149 行.
NOTIC: [8] Undefined index: project_type /var/www/html/App/Runtime/Cache/Admin/733743670daa568cabf38de33bbf3c08.php 第 149 行.
NOTIC: [8] Undefined index: project_type /var/www/html/App/Runtime/Cache/Admin/733743670daa568cabf38de33bbf3c08.php 第 149 行.
NOTIC: [8] Undefined index: project_type /var/www/html/App/Runtime/Cache/Admin/733743670daa568cabf38de33bbf3c08.php 第 149 行.
NOTIC: [8] Undefined index: project_type /var/www/html/App/Runtime/Cache/Admin/733743670daa568cabf38de33bbf3c08.php 第 149 行.
NOTIC: [8] Undefined index: project_type /var/www/html/App/Runtime/Cache/Admin/733743670daa568cabf38de33bbf3c08.php 第 149 行.
NOTIC: [8] Undefined index: project_type /var/www/html/App/Runtime/Cache/Admin/733743670daa568cabf38de33bbf3c08.php 第 149 行.
NOTIC: [8] Undefined index: project_type /var/www/html/App/Runtime/Cache/Admin/733743670daa568cabf38de33bbf3c08.php 第 149 行.
NOTIC: [8] Undefined index: project_type /var/www/html/App/Runtime/Cache/Admin/733743670daa568cabf38de33bbf3c08.php 第 149 行.
NOTIC: [8] Undefined index: project_type /var/www/html/App/Runtime/Cache/Admin/733743670daa568cabf38de33bbf3c08.php 第 149 行.
NOTIC: [8] Undefined index: project_type /var/www/html/App/Runtime/Cache/Admin/733743670daa568cabf38de33bbf3c08.php 第 149 行.
NOTIC: [8] Undefined index: project_type /var/www/html/App/Runtime/Cache/Admin/733743670daa568cabf38de33bbf3c08.php 第 149 行.
NOTIC: [8] Undefined index: project_type /var/www/html/App/Runtime/Cache/Admin/733743670daa568cabf38de33bbf3c08.php 第 149 行.
NOTIC: [8] Undefined index: project_type /var/www/html/App/Runtime/Cache/Admin/733743670daa568cabf38de33bbf3c08.php 第 149 行.
NOTIC: [8] Undefined index: project_type /var/www/html/App/Runtime/Cache/Admin/733743670daa568cabf38de33bbf3c08.php 第 149 行.
NOTIC: [8] Undefined index: project_type /var/www/html/App/Runtime/Cache/Admin/733743670daa568cabf38de33bbf3c08.php 第 149 行.
NOTIC: [8] Undefined index: project_type /var/www/html/App/Runtime/Cache/Admin/733743670daa568cabf38de33bbf3c08.php 第 149 行.
NOTIC: [8] Undefined index: project_type /var/www/html/App/Runtime/Cache/Admin/733743670daa568cabf38de33bbf3c08.php 第 149 行.
NOTIC: [8] Undefined index: project_type /var/www/html/App/Runtime/Cache/Admin/733743670daa568cabf38de33bbf3c08.php 第 149 行.
NOTIC: [8] Undefined index: project_type /var/www/html/App/Runtime/Cache/Admin/733743670daa568cabf38de33bbf3c08.php 第 149 行.
NOTIC: [8] Undefined index: project_type /var/www/html/App/Runtime/Cache/Admin/733743670daa568cabf38de33bbf3c08.php 第 149 行.
NOTIC: [8] Undefined index: project_type /var/www/html/App/Runtime/Cache/Admin/733743670daa568cabf38de33bbf3c08.php 第 149 行.
NOTIC: [8] Undefined index: project_type /var/www/html/App/Runtime/Cache/Admin/733743670daa568cabf38de33bbf3c08.php 第 149 行.
NOTIC: [8] Undefined index: project_type /var/www/html/App/Runtime/Cache/Admin/733743670daa568cabf38de33bbf3c08.php 第 149 行.
NOTIC: [8] Undefined index: project_type /var/www/html/App/Runtime/Cache/Admin/733743670daa568cabf38de33bbf3c08.php 第 149 行.
NOTIC: [8] Undefined index: project_type /var/www/html/App/Runtime/Cache/Admin/733743670daa568cabf38de33bbf3c08.php 第 149 行.
NOTIC: [8] Undefined index: project_type /var/www/html/App/Runtime/Cache/Admin/733743670daa568cabf38de33bbf3c08.php 第 149 行.
NOTIC: [8] Undefined index: project_type /var/www/html/App/Runtime/Cache/Admin/733743670daa568cabf38de33bbf3c08.php 第 149 行.
NOTIC: [8] Undefined index: project_type /var/www/html/App/Runtime/Cache/Admin/733743670daa568cabf38de33bbf3c08.php 第 149 行.
NOTIC: [8] Undefined index: project_type /var/www/html/App/Runtime/Cache/Admin/733743670daa568cabf38de33bbf3c08.php 第 149 行.
NOTIC: [8] Undefined index: last_updated /var/www/html/App/Runtime/Cache/Admin/733743670daa568cabf38de33bbf3c08.php 第 165 行.
NOTIC: [8] Undefined index: price_cny /var/www/html/App/Runtime/Cache/Admin/733743670daa568cabf38de33bbf3c08.php 第 166 行.
NOTIC: [8] Undefined index: last_updated /var/www/html/App/Runtime/Cache/Admin/733743670daa568cabf38de33bbf3c08.php 第 173 行.
NOTIC: [8] Undefined index: market_cap_cny /var/www/html/App/Runtime/Cache/Admin/733743670daa568cabf38de33bbf3c08.php 第 174 行.
NOTIC: [8] Undefined index: market_cap_cny /var/www/html/App/Runtime/Cache/Admin/733743670daa568cabf38de33bbf3c08.php 第 188 行.
NOTIC: [8] Undefined index: project_type /var/www/html/App/Runtime/Cache/Admin/733743670daa568cabf38de33bbf3c08.php 第 149 行.
NOTIC: [8] Undefined index: project_type /var/www/html/App/Runtime/Cache/Admin/733743670daa568cabf38de33bbf3c08.php 第 149 行.
NOTIC: [8] Undefined index: project_type /var/www/html/App/Runtime/Cache/Admin/733743670daa568cabf38de33bbf3c08.php 第 149 行.
NOTIC: [8] Undefined index: project_type /var/www/html/App/Runtime/Cache/Admin/733743670daa568cabf38de33bbf3c08.php 第 149 行.
NOTIC: [8] Undefined index: project_type /var/www/html/App/Runtime/Cache/Admin/733743670daa568cabf38de33bbf3c08.php 第 149 行.
NOTIC: [8] Undefined index: project_type /var/www/html/App/Runtime/Cache/Admin/733743670daa568cabf38de33bbf3c08.php 第 149 行.
NOTIC: [8] Undefined index: last_updated /var/www/html/App/Runtime/Cache/Admin/733743670daa568cabf38de33bbf3c08.php 第 165 行.
NOTIC: [8] Undefined index: price_cny /var/www/html/App/Runtime/Cache/Admin/733743670daa568cabf38de33bbf3c08.php 第 166 行.
NOTIC: [8] Undefined index: last_updated /var/www/html/App/Runtime/Cache/Admin/733743670daa568cabf38de33bbf3c08.php 第 173 行.
NOTIC: [8] Undefined index: market_cap_cny /var/www/html/App/Runtime/Cache/Admin/733743670daa568cabf38de33bbf3c08.php 第 174 行.
NOTIC: [8] Undefined index: market_cap_cny /var/www/html/App/Runtime/Cache/Admin/733743670daa568cabf38de33bbf3c08.php 第 188 行.
NOTIC: [8] Undefined index: project_type /var/www/html/App/Runtime/Cache/Admin/733743670daa568cabf38de33bbf3c08.php 第 149 行.
NOTIC: [8] Undefined index: project_type /var/www/html/App/Runtime/Cache/Admin/733743670daa568cabf38de33bbf3c08.php 第 149 行.
NOTIC: [8] Undefined index: last_updated /var/www/html/App/Runtime/Cache/Admin/733743670daa568cabf38de33bbf3c08.php 第 165 行.
NOTIC: [8] Undefined index: price_cny /var/www/html/App/Runtime/Cache/Admin/733743670daa568cabf38de33bbf3c08.php 第 166 行.
NOTIC: [8] Undefined index: last_updated /var/www/html/App/Runtime/Cache/Admin/733743670daa568cabf38de33bbf3c08.php 第 173 行.
NOTIC: [8] Undefined index: market_cap_cny /var/www/html/App/Runtime/Cache/Admin/733743670daa568cabf38de33bbf3c08.php 第 174 行.
NOTIC: [8] Undefined index: market_cap_cny /var/www/html/App/Runtime/Cache/Admin/733743670daa568cabf38de33bbf3c08.php 第 188 行.
NOTIC: [8] Undefined index: project_type /var/www/html/App/Runtime/Cache/Admin/733743670daa568cabf38de33bbf3c08.php 第 149 行.
NOTIC: [8] Undefined index: project_type /var/www/html/App/Runtime/Cache/Admin/733743670daa568cabf38de33bbf3c08.php 第 149 行.
NOTIC: [8] Undefined index: project_type /var/www/html/App/Runtime/Cache/Admin/733743670daa568cabf38de33bbf3c08.php 第 149 行.
NOTIC: [8] Undefined index: project_type /var/www/html/App/Runtime/Cache/Admin/733743670daa568cabf38de33bbf3c08.php 第 149 行.
NOTIC: [8] Undefined index: last_updated /var/www/html/App/Runtime/Cache/Admin/733743670daa568cabf38de33bbf3c08.php 第 165 行.
NOTIC: [8] Undefined index: price_cny /var/www/html/App/Runtime/Cache/Admin/733743670daa568cabf38de33bbf3c08.php 第 166 行.
NOTIC: [8] Undefined index: last_updated /var/www/html/App/Runtime/Cache/Admin/733743670daa568cabf38de33bbf3c08.php 第 173 行.
NOTIC: [8] Undefined index: market_cap_cny /var/www/html/App/Runtime/Cache/Admin/733743670daa568cabf38de33bbf3c08.php 第 174 行.
NOTIC: [8] Undefined index: market_cap_cny /var/www/html/App/Runtime/Cache/Admin/733743670daa568cabf38de33bbf3c08.php 第 188 行.
NOTIC: [8] Undefined index: project_type /var/www/html/App/Runtime/Cache/Admin/733743670daa568cabf38de33bbf3c08.php 第 149 行.
NOTIC: [8] Undefined index: project_type /var/www/html/App/Runtime/Cache/Admin/733743670daa568cabf38de33bbf3c08.php 第 149 行.
NOTIC: [8] Undefined index: project_type /var/www/html/App/Runtime/Cache/Admin/733743670daa568cabf38de33bbf3c08.php 第 149 行.
NOTIC: [8] Undefined index: project_type /var/www/html/App/Runtime/Cache/Admin/733743670daa568cabf38de33bbf3c08.php 第 149 行.
NOTIC: [8] Undefined index: project_type /var/www/html/App/Runtime/Cache/Admin/733743670daa568cabf38de33bbf3c08.php 第 149 行.
NOTIC: [8] Undefined index: project_type /var/www/html/App/Runtime/Cache/Admin/733743670daa568cabf38de33bbf3c08.php 第 149 行.
NOTIC: [8] Undefined index: project_type /var/www/html/App/Runtime/Cache/Admin/733743670daa568cabf38de33bbf3c08.php 第 149 行.
NOTIC: [8] Undefined index: project_type /var/www/html/App/Runtime/Cache/Admin/733743670daa568cabf38de33bbf3c08.php 第 149 行.
NOTIC: [8] Undefined index: project_type /var/www/html/App/Runtime/Cache/Admin/733743670daa568cabf38de33bbf3c08.php 第 149 行.
NOTIC: [8] Undefined index: project_type /var/www/html/App/Runtime/Cache/Admin/733743670daa568cabf38de33bbf3c08.php 第 149 行.
NOTIC: [8] Undefined index: project_type /var/www/html/App/Runtime/Cache/Admin/733743670daa568cabf38de33bbf3c08.php 第 149 行.
NOTIC: [8] Undefined index: project_type /var/www/html/App/Runtime/Cache/Admin/733743670daa568cabf38de33bbf3c08.php 第 149 行.
NOTIC: [8] Undefined index: project_type /var/www/html/App/Runtime/Cache/Admin/733743670daa568cabf38de33bbf3c08.php 第 149 行.
NOTIC: [8] Undefined index: project_type /var/www/html/App/Runtime/Cache/Admin/733743670daa568cabf38de33bbf3c08.php 第 149 行.
NOTIC: [8] Undefined index: project_type /var/www/html/App/Runtime/Cache/Admin/733743670daa568cabf38de33bbf3c08.php 第 149 行.
NOTIC: [8] Undefined index: project_type /var/www/html/App/Runtime/Cache/Admin/733743670daa568cabf38de33bbf3c08.php 第 149 行.
NOTIC: [8] Undefined index: project_type /var/www/html/App/Runtime/Cache/Admin/733743670daa568cabf38de33bbf3c08.php 第 149 行.
NOTIC: [8] Undefined index: project_type /var/www/html/App/Runtime/Cache/Admin/733743670daa568cabf38de33bbf3c08.php 第 149 行.
NOTIC: [8] Undefined index: project_type /var/www/html/App/Runtime/Cache/Admin/733743670daa568cabf38de33bbf3c08.php 第 149 行.
NOTIC: [8] Undefined index: project_type /var/www/html/App/Runtime/Cache/Admin/733743670daa568cabf38de33bbf3c08.php 第 149 行.
NOTIC: [8] Undefined index: project_type /var/www/html/App/Runtime/Cache/Admin/733743670daa568cabf38de33bbf3c08.php 第 149 行.
NOTIC: [8] Undefined index: project_type /var/www/html/App/Runtime/Cache/Admin/733743670daa568cabf38de33bbf3c08.php 第 149 行.
NOTIC: [8] Undefined index: project_type /var/www/html/App/Runtime/Cache/Admin/733743670daa568cabf38de33bbf3c08.php 第 149 行.
NOTIC: [8] Undefined index: project_type /var/www/html/App/Runtime/Cache/Admin/733743670daa568cabf38de33bbf3c08.php 第 149 行.
NOTIC: [8] Undefined index: project_type /var/www/html/App/Runtime/Cache/Admin/733743670daa568cabf38de33bbf3c08.php 第 149 行.
NOTIC: [8] Undefined index: project_type /var/www/html/App/Runtime/Cache/Admin/733743670daa568cabf38de33bbf3c08.php 第 149 行.
NOTIC: [8] Undefined index: project_type /var/www/html/App/Runtime/Cache/Admin/733743670daa568cabf38de33bbf3c08.php 第 149 行.
NOTIC: [8] Undefined index: project_type /var/www/html/App/Runtime/Cache/Admin/733743670daa568cabf38de33bbf3c08.php 第 149 行.
NOTIC: [8] Undefined index: project_type /var/www/html/App/Runtime/Cache/Admin/733743670daa568cabf38de33bbf3c08.php 第 149 行.
NOTIC: [8] Undefined index: project_type /var/www/html/App/Runtime/Cache/Admin/733743670daa568cabf38de33bbf3c08.php 第 149 行.
NOTIC: [8] Undefined index: project_type /var/www/html/App/Runtime/Cache/Admin/733743670daa568cabf38de33bbf3c08.php 第 149 行.
NOTIC: [8] Undefined index: project_type /var/www/html/App/Runtime/Cache/Admin/733743670daa568cabf38de33bbf3c08.php 第 149 行.
NOTIC: [8] Undefined index: project_type /var/www/html/App/Runtime/Cache/Admin/733743670daa568cabf38de33bbf3c08.php 第 149 行.
NOTIC: [8] Undefined index: project_type /var/www/html/App/Runtime/Cache/Admin/733743670daa568cabf38de33bbf3c08.php 第 149 行.
NOTIC: [8] Undefined variable: res /var/www/html/App/Runtime/Cache/Admin/733743670daa568cabf38de33bbf3c08.php 第 315 行.
NOTIC: [2] Invalid argument supplied for foreach() /var/www/html/App/Runtime/Cache/Admin/733743670daa568cabf38de33bbf3c08.php 第 315 行.
INFO: Run Behavior\ParseTemplateBehavior [ RunTime:0.013526s ]
INFO: [ view_parse ] --END-- [ RunTime:0.013551s ]
INFO: [ view_filter ] --START--
INFO: Run Behavior\WriteHtmlCacheBehavior [ RunTime:0.000128s ]
INFO: [ view_filter ] --END-- [ RunTime:0.000159s ]
INFO: [ app_end ] --START--
INFO: Run Behavior\ShowPageTraceBehavior [ RunTime:0.000604s ]
INFO: [ app_end ] --END-- [ RunTime:0.000688s ]

[ 2018-01-22T23:45:48+08:00 ] 113.111.6.230 /index.php/Admin/Public/login.html
INFO: [ app_init ] --START--
INFO: Run Behavior\BuildLiteBehavior [ RunTime:0.000009s ]
INFO: [ app_init ] --END-- [ RunTime:0.000242s ]
INFO: [ app_begin ] --START--
INFO: Run Behavior\ReadHtmlCacheBehavior [ RunTime:0.000300s ]
INFO: [ app_begin ] --END-- [ RunTime:0.000334s ]
SQL: SHOW COLUMNS FROM `currency_user` [ RunTime:0.0021s ]
SQL: SELECT * FROM `currency_user` WHERE ( username='weilailian' ) LIMIT 1   [ RunTime:0.0016s ]

[ 2018-01-22T23:45:51+08:00 ] 113.111.6.230 /index.php/Admin/Admin/Index.html
INFO: [ app_init ] --START--
INFO: Run Behavior\BuildLiteBehavior [ RunTime:0.000009s ]
INFO: [ app_init ] --END-- [ RunTime:0.000215s ]
INFO: [ app_begin ] --START--
INFO: Run Behavior\ReadHtmlCacheBehavior [ RunTime:0.000282s ]
INFO: [ app_begin ] --END-- [ RunTime:0.000305s ]
NOTIC: [2] Declaration of Admin\Model\ShowModel::_after_insert(&$data, $options) should be compatible with Think\Model::_after_insert($data, $options) /var/www/html/App/Admin/Model/ShowModel.class.php 第 4 行.
NOTIC: [2] Declaration of Admin\Model\ShowModel::_after_update(&$data, $options) should be compatible with Think\Model::_after_update($data, $options) /var/www/html/App/Admin/Model/ShowModel.class.php 第 4 行.
SQL: SHOW COLUMNS FROM `currency_show` [ RunTime:0.0022s ]
SQL: SELECT * FROM `currency_show` ORDER BY currency_id desc  [ RunTime:0.0020s ]
SQL: SHOW COLUMNS FROM `currency_assessment` [ RunTime:0.0018s ]
SQL: SELECT `p_id` FROM `currency_assessment`  [ RunTime:0.0015s ]
NOTIC: [8] Undefined offset: 0 /var/www/html/App/Admin/Controller/AdminController.class.php 第 37 行.
NOTIC: [8] Undefined offset: 0 /var/www/html/App/Admin/Controller/AdminController.class.php 第 37 行.
NOTIC: [8] Undefined offset: 0 /var/www/html/App/Admin/Controller/AdminController.class.php 第 37 行.
NOTIC: [8] Undefined offset: 0 /var/www/html/App/Admin/Controller/AdminController.class.php 第 37 行.
NOTIC: [8] Undefined offset: 0 /var/www/html/App/Admin/Controller/AdminController.class.php 第 37 行.
NOTIC: [8] Undefined offset: 0 /var/www/html/App/Admin/Controller/AdminController.class.php 第 37 行.
NOTIC: [8] Undefined offset: 0 /var/www/html/App/Admin/Controller/AdminController.class.php 第 37 行.
NOTIC: [8] Undefined offset: 0 /var/www/html/App/Admin/Controller/AdminController.class.php 第 37 行.
NOTIC: [8] Undefined offset: 0 /var/www/html/App/Admin/Controller/AdminController.class.php 第 37 行.
NOTIC: [8] Undefined offset: 0 /var/www/html/App/Admin/Controller/AdminController.class.php 第 37 行.
NOTIC: [8] Undefined offset: 0 /var/www/html/App/Admin/Controller/AdminController.class.php 第 37 行.
NOTIC: [8] Undefined offset: 0 /var/www/html/App/Admin/Controller/AdminController.class.php 第 37 行.
NOTIC: [8] Undefined offset: 0 /var/www/html/App/Admin/Controller/AdminController.class.php 第 37 行.
NOTIC: [8] Undefined offset: 0 /var/www/html/App/Admin/Controller/AdminController.class.php 第 37 行.
NOTIC: [8] Undefined offset: 0 /var/www/html/App/Admin/Controller/AdminController.class.php 第 37 行.
NOTIC: [8] Undefined offset: 0 /var/www/html/App/Admin/Controller/AdminController.class.php 第 37 行.
NOTIC: [8] Undefined offset: 0 /var/www/html/App/Admin/Controller/AdminController.class.php 第 37 行.
NOTIC: [8] Undefined offset: 0 /var/www/html/App/Admin/Controller/AdminController.class.php 第 37 行.
NOTIC: [8] Undefined offset: 0 /var/www/html/App/Admin/Controller/AdminController.class.php 第 37 行.
NOTIC: [8] Undefined offset: 0 /var/www/html/App/Admin/Controller/AdminController.class.php 第 37 行.
NOTIC: [8] Undefined offset: 0 /var/www/html/App/Admin/Controller/AdminController.class.php 第 37 行.
NOTIC: [8] Undefined offset: 0 /var/www/html/App/Admin/Controller/AdminController.class.php 第 37 行.
NOTIC: [8] Undefined offset: 0 /var/www/html/App/Admin/Controller/AdminController.class.php 第 37 行.
NOTIC: [8] Undefined offset: 0 /var/www/html/App/Admin/Controller/AdminController.class.php 第 37 行.
NOTIC: [8] Undefined offset: 0 /var/www/html/App/Admin/Controller/AdminController.class.php 第 37 行.
NOTIC: [8] Undefined offset: 0 /var/www/html/App/Admin/Controller/AdminController.class.php 第 37 行.
NOTIC: [8] Undefined offset: 0 /var/www/html/App/Admin/Controller/AdminController.class.php 第 37 行.
NOTIC: [8] Undefined offset: 0 /var/www/html/App/Admin/Controller/AdminController.class.php 第 37 行.
NOTIC: [8] Undefined offset: 0 /var/www/html/App/Admin/Controller/AdminController.class.php 第 37 行.
NOTIC: [8] Undefined offset: 0 /var/www/html/App/Admin/Controller/AdminController.class.php 第 37 行.
NOTIC: [8] Undefined offset: 0 /var/www/html/App/Admin/Controller/AdminController.class.php 第 37 行.
NOTIC: [8] Undefined offset: 0 /var/www/html/App/Admin/Controller/AdminController.class.php 第 37 行.
NOTIC: [8] Undefined offset: 0 /var/www/html/App/Admin/Controller/AdminController.class.php 第 37 行.
NOTIC: [8] Undefined offset: 0 /var/www/html/App/Admin/Controller/AdminController.class.php 第 37 行.
NOTIC: [8] Undefined offset: 0 /var/www/html/App/Admin/Controller/AdminController.class.php 第 37 行.
NOTIC: [8] Undefined offset: 0 /var/www/html/App/Admin/Controller/AdminController.class.php 第 37 行.
NOTIC: [8] Undefined offset: 0 /var/www/html/App/Admin/Controller/AdminController.class.php 第 37 行.
NOTIC: [8] Undefined offset: 0 /var/www/html/App/Admin/Controller/AdminController.class.php 第 37 行.
NOTIC: [8] Undefined offset: 0 /var/www/html/App/Admin/Controller/AdminController.class.php 第 37 行.
NOTIC: [8] Undefined offset: 0 /var/www/html/App/Admin/Controller/AdminController.class.php 第 37 行.
NOTIC: [8] Undefined offset: 0 /var/www/html/App/Admin/Controller/AdminController.class.php 第 37 行.
NOTIC: [8] Undefined offset: 0 /var/www/html/App/Admin/Controller/AdminController.class.php 第 37 行.
NOTIC: [8] Undefined offset: 0 /var/www/html/App/Admin/Controller/AdminController.class.php 第 37 行.
NOTIC: [8] Undefined offset: 0 /var/www/html/App/Admin/Controller/AdminController.class.php 第 37 行.
NOTIC: [8] Undefined offset: 0 /var/www/html/App/Admin/Controller/AdminController.class.php 第 37 行.
NOTIC: [8] Undefined offset: 0 /var/www/html/App/Admin/Controller/AdminController.class.php 第 37 行.
NOTIC: [8] Undefined offset: 0 /var/www/html/App/Admin/Controller/AdminController.class.php 第 37 行.
NOTIC: [8] Undefined offset: 0 /var/www/html/App/Admin/Controller/AdminController.class.php 第 37 行.
NOTIC: [8] Undefined offset: 0 /var/www/html/App/Admin/Controller/AdminController.class.php 第 37 行.
NOTIC: [8] Undefined offset: 0 /var/www/html/App/Admin/Controller/AdminController.class.php 第 37 行.
NOTIC: [8] Undefined offset: 0 /var/www/html/App/Admin/Controller/AdminController.class.php 第 37 行.
NOTIC: [8] Undefined offset: 0 /var/www/html/App/Admin/Controller/AdminController.class.php 第 37 行.
NOTIC: [8] Undefined offset: 0 /var/www/html/App/Admin/Controller/AdminController.class.php 第 37 行.
NOTIC: [8] Undefined offset: 0 /var/www/html/App/Admin/Controller/AdminController.class.php 第 37 行.
NOTIC: [8] Undefined offset: 0 /var/www/html/App/Admin/Controller/AdminController.class.php 第 37 行.
NOTIC: [8] Undefined offset: 0 /var/www/html/App/Admin/Controller/AdminController.class.php 第 37 行.
NOTIC: [8] Undefined offset: 0 /var/www/html/App/Admin/Controller/AdminController.class.php 第 37 行.
NOTIC: [8] Undefined offset: 0 /var/www/html/App/Admin/Controller/AdminController.class.php 第 37 行.
NOTIC: [8] Undefined offset: 0 /var/www/html/App/Admin/Controller/AdminController.class.php 第 37 行.
NOTIC: [8] Undefined offset: 0 /var/www/html/App/Admin/Controller/AdminController.class.php 第 37 行.
NOTIC: [8] Undefined offset: 0 /var/www/html/App/Admin/Controller/AdminController.class.php 第 37 行.
NOTIC: [8] Undefined offset: 0 /var/www/html/App/Admin/Controller/AdminController.class.php 第 37 行.
NOTIC: [8] Undefined offset: 0 /var/www/html/App/Admin/Controller/AdminController.class.php 第 37 行.
NOTIC: [8] Undefined offset: 0 /var/www/html/App/Admin/Controller/AdminController.class.php 第 37 行.
NOTIC: [8] Undefined offset: 0 /var/www/html/App/Admin/Controller/AdminController.class.php 第 37 行.
NOTIC: [8] Undefined offset: 0 /var/www/html/App/Admin/Controller/AdminController.class.php 第 37 行.
NOTIC: [8] Undefined offset: 0 /var/www/html/App/Admin/Controller/AdminController.class.php 第 37 行.
NOTIC: [8] Undefined offset: 0 /var/www/html/App/Admin/Controller/AdminController.class.php 第 37 行.
NOTIC: [8] Undefined offset: 0 /var/www/html/App/Admin/Controller/AdminController.class.php 第 37 行.
NOTIC: [8] Undefined offset: 0 /var/www/html/App/Admin/Controller/AdminController.class.php 第 37 行.
NOTIC: [8] Undefined offset: 0 /var/www/html/App/Admin/Controller/AdminController.class.php 第 37 行.
NOTIC: [8] Undefined offset: 0 /var/www/html/App/Admin/Controller/AdminController.class.php 第 37 行.
NOTIC: [8] Undefined offset: 0 /var/www/html/App/Admin/Controller/AdminController.class.php 第 37 行.
NOTIC: [8] Undefined offset: 0 /var/www/html/App/Admin/Controller/AdminController.class.php 第 37 行.
NOTIC: [8] Undefined offset: 0 /var/www/html/App/Admin/Controller/AdminController.class.php 第 37 行.
NOTIC: [8] Undefined offset: 0 /var/www/html/App/Admin/Controller/AdminController.class.php 第 37 行.
NOTIC: [8] Undefined offset: 0 /var/www/html/App/Admin/Controller/AdminController.class.php 第 37 行.
NOTIC: [8] Undefined offset: 0 /var/www/html/App/Admin/Controller/AdminController.class.php 第 37 行.
NOTIC: [8] Undefined offset: 0 /var/www/html/App/Admin/Controller/AdminController.class.php 第 37 行.
NOTIC: [8] Undefined offset: 0 /var/www/html/App/Admin/Controller/AdminController.class.php 第 37 行.
NOTIC: [8] Undefined offset: 0 /var/www/html/App/Admin/Controller/AdminController.class.php 第 37 行.
NOTIC: [8] Undefined offset: 0 /var/www/html/App/Admin/Controller/AdminController.class.php 第 37 行.
NOTIC: [8] Undefined offset: 0 /var/www/html/App/Admin/Controller/AdminController.class.php 第 37 行.
NOTIC: [8] Undefined offset: 0 /var/www/html/App/Admin/Controller/AdminController.class.php 第 37 行.
NOTIC: [8] Undefined offset: 0 /var/www/html/App/Admin/Controller/AdminController.class.php 第 37 行.
NOTIC: [8] Undefined offset: 0 /var/www/html/App/Admin/Controller/AdminController.class.php 第 37 行.
NOTIC: [8] Undefined offset: 0 /var/www/html/App/Admin/Controller/AdminController.class.php 第 37 行.
NOTIC: [8] Undefined offset: 0 /var/www/html/App/Admin/Controller/AdminController.class.php 第 37 行.
NOTIC: [8] Undefined offset: 0 /var/www/html/App/Admin/Controller/AdminController.class.php 第 37 行.
NOTIC: [8] Undefined offset: 0 /var/www/html/App/Admin/Controller/AdminController.class.php 第 37 行.
NOTIC: [8] Undefined offset: 0 /var/www/html/App/Admin/Controller/AdminController.class.php 第 37 行.
NOTIC: [8] Undefined offset: 0 /var/www/html/App/Admin/Controller/AdminController.class.php 第 37 行.
NOTIC: [8] Undefined offset: 0 /var/www/html/App/Admin/Controller/AdminController.class.php 第 37 行.
NOTIC: [8] Undefined offset: 0 /var/www/html/App/Admin/Controller/AdminController.class.php 第 37 行.
NOTIC: [8] Undefined offset: 0 /var/www/html/App/Admin/Controller/AdminController.class.php 第 37 行.
NOTIC: [8] Undefined offset: 0 /var/www/html/App/Admin/Controller/AdminController.class.php 第 37 行.
NOTIC: [8] Undefined offset: 0 /var/www/html/App/Admin/Controller/AdminController.class.php 第 37 行.
NOTIC: [8] Undefined offset: 0 /var/www/html/App/Admin/Controller/AdminController.class.php 第 37 行.
NOTIC: [8] Undefined offset: 0 /var/www/html/App/Admin/Controller/AdminController.class.php 第 37 行.
NOTIC: [8] Undefined offset: 0 /var/www/html/App/Admin/Controller/AdminController.class.php 第 37 行.
NOTIC: [8] Undefined offset: 0 /var/www/html/App/Admin/Controller/AdminController.class.php 第 37 行.
NOTIC: [8] Undefined offset: 0 /var/www/html/App/Admin/Controller/AdminController.class.php 第 37 行.
NOTIC: [8] Undefined offset: 0 /var/www/html/App/Admin/Controller/AdminController.class.php 第 37 行.
NOTIC: [8] Undefined offset: 0 /var/www/html/App/Admin/Controller/AdminController.class.php 第 37 行.
NOTIC: [8] Undefined offset: 0 /var/www/html/App/Admin/Controller/AdminController.class.php 第 37 行.
NOTIC: [8] Undefined offset: 0 /var/www/html/App/Admin/Controller/AdminController.class.php 第 37 行.
NOTIC: [8] Undefined offset: 0 /var/www/html/App/Admin/Controller/AdminController.class.php 第 37 行.
NOTIC: [8] Undefined offset: 0 /var/www/html/App/Admin/Controller/AdminController.class.php 第 37 行.
NOTIC: [8] Undefined offset: 0 /var/www/html/App/Admin/Controller/AdminController.class.php 第 37 行.
NOTIC: [8] Undefined offset: 0 /var/www/html/App/Admin/Controller/AdminController.class.php 第 37 行.
NOTIC: [8] Undefined offset: 0 /var/www/html/App/Admin/Controller/AdminController.class.php 第 37 行.
NOTIC: [8] Undefined offset: 0 /var/www/html/App/Admin/Controller/AdminController.class.php 第 37 行.
NOTIC: [8] Undefined offset: 0 /var/www/html/App/Admin/Controller/AdminController.class.php 第 37 行.
NOTIC: [8] Undefined offset: 0 /var/www/html/App/Admin/Controller/AdminController.class.php 第 37 行.
NOTIC: [8] Undefined offset: 0 /var/www/html/App/Admin/Controller/AdminController.class.php 第 37 行.
NOTIC: [8] Undefined offset: 0 /var/www/html/App/Admin/Controller/AdminController.class.php 第 37 行.
NOTIC: [8] Undefined offset: 0 /var/www/html/App/Admin/Controller/AdminController.class.php 第 37 行.
NOTIC: [8] Undefined offset: 0 /var/www/html/App/Admin/Controller/AdminController.class.php 第 37 行.
NOTIC: [8] Undefined offset: 0 /var/www/html/App/Admin/Controller/AdminController.class.php 第 37 行.
NOTIC: [8] Undefined offset: 0 /var/www/html/App/Admin/Controller/AdminController.class.php 第 37 行.
NOTIC: [8] Undefined offset: 0 /var/www/html/App/Admin/Controller/AdminController.class.php 第 37 行.
NOTIC: [8] Undefined offset: 0 /var/www/html/App/Admin/Controller/AdminController.class.php 第 37 行.
NOTIC: [8] Undefined offset: 0 /var/www/html/App/Admin/Controller/AdminController.class.php 第 37 行.
NOTIC: [8] Undefined offset: 0 /var/www/html/App/Admin/Controller/AdminController.class.php 第 37 行.
NOTIC: [8] Undefined offset: 0 /var/www/html/App/Admin/Controller/AdminController.class.php 第 37 行.
NOTIC: [8] Undefined offset: 0 /var/www/html/App/Admin/Controller/AdminController.class.php 第 37 行.
NOTIC: [8] Undefined offset: 0 /var/www/html/App/Admin/Controller/AdminController.class.php 第 37 行.
NOTIC: [8] Undefined offset: 0 /var/www/html/App/Admin/Controller/AdminController.class.php 第 37 行.
NOTIC: [8] Undefined offset: 0 /var/www/html/App/Admin/Controller/AdminController.class.php 第 37 行.
NOTIC: [8] Undefined offset: 0 /var/www/html/App/Admin/Controller/AdminController.class.php 第 37 行.
NOTIC: [8] Undefined offset: 0 /var/www/html/App/Admin/Controller/AdminController.class.php 第 37 行.
NOTIC: [8] Undefined offset: 0 /var/www/html/App/Admin/Controller/AdminController.class.php 第 37 行.
NOTIC: [8] Undefined offset: 0 /var/www/html/App/Admin/Controller/AdminController.class.php 第 37 行.
NOTIC: [8] Undefined offset: 0 /var/www/html/App/Admin/Controller/AdminController.class.php 第 37 行.
NOTIC: [8] Undefined offset: 0 /var/www/html/App/Admin/Controller/AdminController.class.php 第 37 行.
NOTIC: [8] Undefined offset: 0 /var/www/html/App/Admin/Controller/AdminController.class.php 第 37 行.
NOTIC: [8] Undefined offset: 0 /var/www/html/App/Admin/Controller/AdminController.class.php 第 37 行.
NOTIC: [8] Undefined offset: 0 /var/www/html/App/Admin/Controller/AdminController.class.php 第 37 行.
NOTIC: [8] Undefined offset: 0 /var/www/html/App/Admin/Controller/AdminController.class.php 第 37 行.
NOTIC: [8] Undefined offset: 0 /var/www/html/App/Admin/Controller/AdminController.class.php 第 37 行.
NOTIC: [8] Undefined offset: 0 /var/www/html/App/Admin/Controller/AdminController.class.php 第 37 行.
NOTIC: [8] Undefined offset: 0 /var/www/html/App/Admin/Controller/AdminController.class.php 第 37 行.
NOTIC: [8] Undefined offset: 0 /var/www/html/App/Admin/Controller/AdminController.class.php 第 37 行.
NOTIC: [8] Undefined offset: 0 /var/www/html/App/Admin/Controller/AdminController.class.php 第 37 行.
NOTIC: [8] Undefined offset: 0 /var/www/html/App/Admin/Controller/AdminController.class.php 第 37 行.
NOTIC: [8] Undefined offset: 0 /var/www/html/App/Admin/Controller/AdminController.class.php 第 37 行.
NOTIC: [8] Undefined offset: 0 /var/www/html/App/Admin/Controller/AdminController.class.php 第 37 行.
NOTIC: [8] Undefined offset: 0 /var/www/html/App/Admin/Controller/AdminController.class.php 第 37 行.
NOTIC: [8] Undefined offset: 0 /var/www/html/App/Admin/Controller/AdminController.class.php 第 37 行.
NOTIC: [8] Undefined offset: 0 /var/www/html/App/Admin/Controller/AdminController.class.php 第 37 行.
NOTIC: [8] Undefined offset: 0 /var/www/html/App/Admin/Controller/AdminController.class.php 第 37 行.
NOTIC: [8] Undefined offset: 0 /var/www/html/App/Admin/Controller/AdminController.class.php 第 37 行.
NOTIC: [8] Undefined offset: 0 /var/www/html/App/Admin/Controller/AdminController.class.php 第 37 行.
NOTIC: [8] Undefined offset: 0 /var/www/html/App/Admin/Controller/AdminController.class.php 第 37 行.
NOTIC: [8] Undefined offset: 0 /var/www/html/App/Admin/Controller/AdminController.class.php 第 37 行.
NOTIC: [8] Undefined offset: 0 /var/www/html/App/Admin/Controller/AdminController.class.php 第 37 行.
NOTIC: [8] Undefined offset: 0 /var/www/html/App/Admin/Controller/AdminController.class.php 第 37 行.
NOTIC: [8] Undefined offset: 0 /var/www/html/App/Admin/Controller/AdminController.class.php 第 37 行.
NOTIC: [8] Undefined offset: 0 /var/www/html/App/Admin/Controller/AdminController.class.php 第 37 行.
NOTIC: [8] Undefined offset: 0 /var/www/html/App/Admin/Controller/AdminController.class.php 第 37 行.
NOTIC: [8] Undefined offset: 0 /var/www/html/App/Admin/Controller/AdminController.class.php 第 37 行.
NOTIC: [8] Undefined offset: 0 /var/www/html/App/Admin/Controller/AdminController.class.php 第 37 行.
NOTIC: [8] Undefined offset: 0 /var/www/html/App/Admin/Controller/AdminController.class.php 第 37 行.
NOTIC: [8] Undefined offset: 0 /var/www/html/App/Admin/Controller/AdminController.class.php 第 37 行.
NOTIC: [8] Undefined offset: 0 /var/www/html/App/Admin/Controller/AdminController.class.php 第 37 行.
NOTIC: [8] Undefined offset: 0 /var/www/html/App/Admin/Controller/AdminController.class.php 第 37 行.
NOTIC: [8] Undefined offset: 0 /var/www/html/App/Admin/Controller/AdminController.class.php 第 37 行.
NOTIC: [8] Undefined offset: 0 /var/www/html/App/Admin/Controller/AdminController.class.php 第 37 行.
NOTIC: [8] Undefined offset: 0 /var/www/html/App/Admin/Controller/AdminController.class.php 第 37 行.
NOTIC: [8] Undefined offset: 0 /var/www/html/App/Admin/Controller/AdminController.class.php 第 37 行.
NOTIC: [8] Undefined offset: 0 /var/www/html/App/Admin/Controller/AdminController.class.php 第 37 行.
NOTIC: [8] Undefined offset: 0 /var/www/html/App/Admin/Controller/AdminController.class.php 第 37 行.
NOTIC: [8] Undefined offset: 0 /var/www/html/App/Admin/Controller/AdminController.class.php 第 37 行.
NOTIC: [8] Undefined offset: 0 /var/www/html/App/Admin/Controller/AdminController.class.php 第 37 行.
NOTIC: [8] Undefined offset: 0 /var/www/html/App/Admin/Controller/AdminController.class.php 第 37 行.
NOTIC: [8] Undefined offset: 0 /var/www/html/App/Admin/Controller/AdminController.class.php 第 37 行.
NOTIC: [8] Undefined offset: 0 /var/www/html/App/Admin/Controller/AdminController.class.php 第 37 行.
NOTIC: [8] Undefined offset: 0 /var/www/html/App/Admin/Controller/AdminController.class.php 第 37 行.
NOTIC: [8] Undefined offset: 0 /var/www/html/App/Admin/Controller/AdminController.class.php 第 37 行.
NOTIC: [8] Undefined offset: 0 /var/www/html/App/Admin/Controller/AdminController.class.php 第 37 行.
NOTIC: [8] Undefined offset: 0 /var/www/html/App/Admin/Controller/AdminController.class.php 第 37 行.
NOTIC: [8] Undefined offset: 0 /var/www/html/App/Admin/Controller/AdminController.class.php 第 37 行.
NOTIC: [8] Undefined offset: 0 /var/www/html/App/Admin/Controller/AdminController.class.php 第 37 行.
NOTIC: [8] Undefined offset: 0 /var/www/html/App/Admin/Controller/AdminController.class.php 第 37 行.
NOTIC: [8] Undefined offset: 0 /var/www/html/App/Admin/Controller/AdminController.class.php 第 37 行.
NOTIC: [8] Undefined offset: 0 /var/www/html/App/Admin/Controller/AdminController.class.php 第 37 行.
NOTIC: [8] Undefined offset: 0 /var/www/html/App/Admin/Controller/AdminController.class.php 第 37 行.
NOTIC: [8] Undefined offset: 0 /var/www/html/App/Admin/Controller/AdminController.class.php 第 37 行.
NOTIC: [8] Undefined offset: 0 /var/www/html/App/Admin/Controller/AdminController.class.php 第 37 行.
NOTIC: [8] Undefined offset: 0 /var/www/html/App/Admin/Controller/AdminController.class.php 第 37 行.
NOTIC: [8] Undefined offset: 0 /var/www/html/App/Admin/Controller/AdminController.class.php 第 37 行.
NOTIC: [8] Undefined offset: 0 /var/www/html/App/Admin/Controller/AdminController.class.php 第 37 行.
NOTIC: [8] Undefined offset: 0 /var/www/html/App/Admin/Controller/AdminController.class.php 第 37 行.
NOTIC: [8] Undefined offset: 0 /var/www/html/App/Admin/Controller/AdminController.class.php 第 37 行.
NOTIC: [8] Undefined offset: 0 /var/www/html/App/Admin/Controller/AdminController.class.php 第 37 行.
NOTIC: [8] Undefined offset: 0 /var/www/html/App/Admin/Controller/AdminController.class.php 第 37 行.
NOTIC: [8] Undefined offset: 0 /var/www/html/App/Admin/Controller/AdminController.class.php 第 37 行.
NOTIC: [8] Undefined offset: 0 /var/www/html/App/Admin/Controller/AdminController.class.php 第 37 行.
NOTIC: [8] Undefined offset: 0 /var/www/html/App/Admin/Controller/AdminController.class.php 第 37 行.
NOTIC: [8] Undefined offset: 0 /var/www/html/App/Admin/Controller/AdminController.class.php 第 37 行.
NOTIC: [8] Undefined offset: 0 /var/www/html/App/Admin/Controller/AdminController.class.php 第 37 行.
NOTIC: [8] Undefined offset: 0 /var/www/html/App/Admin/Controller/AdminController.class.php 第 37 行.
NOTIC: [8] Undefined offset: 0 /var/www/html/App/Admin/Controller/AdminController.class.php 第 37 行.
NOTIC: [8] Undefined offset: 0 /var/www/html/App/Admin/Controller/AdminController.class.php 第 37 行.
NOTIC: [8] Undefined offset: 0 /var/www/html/App/Admin/Controller/AdminController.class.php 第 37 行.
NOTIC: [8] Undefined offset: 0 /var/www/html/App/Admin/Controller/AdminController.class.php 第 37 行.
NOTIC: [8] Undefined offset: 0 /var/www/html/App/Admin/Controller/AdminController.class.php 第 37 行.
NOTIC: [8] Undefined offset: 0 /var/www/html/App/Admin/Controller/AdminController.class.php 第 37 行.
NOTIC: [8] Undefined offset: 0 /var/www/html/App/Admin/Controller/AdminController.class.php 第 37 行.
NOTIC: [8] Undefined offset: 0 /var/www/html/App/Admin/Controller/AdminController.class.php 第 37 行.
SQL: SHOW COLUMNS FROM `currency_interview` [ RunTime:0.0022s ]
SQL: SELECT * FROM `currency_interview` ORDER BY iv_id desc  [ RunTime:2.4098s ]
NOTIC: [2] Declaration of Admin\Model\NoticModel::_before_update($options) should be compatible with Think\Model::_before_update(&$data, $options) /var/www/html/App/Admin/Model/NoticModel.class.php 第 42 行.
SQL: SHOW COLUMNS FROM `currency_notic` [ RunTime:0.0021s ]
SQL: SELECT * FROM `currency_notic` ORDER BY no_id desc  [ RunTime:0.0016s ]
SQL: SHOW COLUMNS FROM `currency_logo` [ RunTime:0.0017s ]
SQL: SELECT * FROM `currency_logo`  [ RunTime:0.0015s ]
INFO: [ view_parse ] --START--
INFO: [ template_filter ] --START--
INFO: Run Behavior\ContentReplaceBehavior [ RunTime:0.000369s ]
INFO: [ template_filter ] --END-- [ RunTime:0.000410s ]
NOTIC: [8] Undefined index: project_type /var/www/html/App/Runtime/Cache/Admin/733743670daa568cabf38de33bbf3c08.php 第 149 行.
NOTIC: [8] Undefined index: project_type /var/www/html/App/Runtime/Cache/Admin/733743670daa568cabf38de33bbf3c08.php 第 149 行.
NOTIC: [8] Undefined index: project_type /var/www/html/App/Runtime/Cache/Admin/733743670daa568cabf38de33bbf3c08.php 第 149 行.
NOTIC: [8] Undefined index: project_type /var/www/html/App/Runtime/Cache/Admin/733743670daa568cabf38de33bbf3c08.php 第 149 行.
NOTIC: [8] Undefined index: project_type /var/www/html/App/Runtime/Cache/Admin/733743670daa568cabf38de33bbf3c08.php 第 149 行.
NOTIC: [8] Undefined index: project_type /var/www/html/App/Runtime/Cache/Admin/733743670daa568cabf38de33bbf3c08.php 第 149 行.
NOTIC: [8] Undefined index: project_type /var/www/html/App/Runtime/Cache/Admin/733743670daa568cabf38de33bbf3c08.php 第 149 行.
NOTIC: [8] Undefined index: project_type /var/www/html/App/Runtime/Cache/Admin/733743670daa568cabf38de33bbf3c08.php 第 149 行.
NOTIC: [8] Undefined index: project_type /var/www/html/App/Runtime/Cache/Admin/733743670daa568cabf38de33bbf3c08.php 第 149 行.
NOTIC: [8] Undefined index: project_type /var/www/html/App/Runtime/Cache/Admin/733743670daa568cabf38de33bbf3c08.php 第 149 行.
NOTIC: [8] Undefined index: project_type /var/www/html/App/Runtime/Cache/Admin/733743670daa568cabf38de33bbf3c08.php 第 149 行.
NOTIC: [8] Undefined index: project_type /var/www/html/App/Runtime/Cache/Admin/733743670daa568cabf38de33bbf3c08.php 第 149 行.
NOTIC: [8] Undefined index: project_type /var/www/html/App/Runtime/Cache/Admin/733743670daa568cabf38de33bbf3c08.php 第 149 行.
NOTIC: [8] Undefined index: project_type /var/www/html/App/Runtime/Cache/Admin/733743670daa568cabf38de33bbf3c08.php 第 149 行.
NOTIC: [8] Undefined index: project_type /var/www/html/App/Runtime/Cache/Admin/733743670daa568cabf38de33bbf3c08.php 第 149 行.
NOTIC: [8] Undefined index: project_type /var/www/html/App/Runtime/Cache/Admin/733743670daa568cabf38de33bbf3c08.php 第 149 行.
NOTIC: [8] Undefined index: project_type /var/www/html/App/Runtime/Cache/Admin/733743670daa568cabf38de33bbf3c08.php 第 149 行.
NOTIC: [8] Undefined index: project_type /var/www/html/App/Runtime/Cache/Admin/733743670daa568cabf38de33bbf3c08.php 第 149 行.
NOTIC: [8] Undefined index: project_type /var/www/html/App/Runtime/Cache/Admin/733743670daa568cabf38de33bbf3c08.php 第 149 行.
NOTIC: [8] Undefined index: project_type /var/www/html/App/Runtime/Cache/Admin/733743670daa568cabf38de33bbf3c08.php 第 149 行.
NOTIC: [8] Undefined index: project_type /var/www/html/App/Runtime/Cache/Admin/733743670daa568cabf38de33bbf3c08.php 第 149 行.
NOTIC: [8] Undefined index: project_type /var/www/html/App/Runtime/Cache/Admin/733743670daa568cabf38de33bbf3c08.php 第 149 行.
NOTIC: [8] Undefined index: project_type /var/www/html/App/Runtime/Cache/Admin/733743670daa568cabf38de33bbf3c08.php 第 149 行.
NOTIC: [8] Undefined index: project_type /var/www/html/App/Runtime/Cache/Admin/733743670daa568cabf38de33bbf3c08.php 第 149 行.
NOTIC: [8] Undefined index: project_type /var/www/html/App/Runtime/Cache/Admin/733743670daa568cabf38de33bbf3c08.php 第 149 行.
NOTIC: [8] Undefined index: project_type /var/www/html/App/Runtime/Cache/Admin/733743670daa568cabf38de33bbf3c08.php 第 149 行.
NOTIC: [8] Undefined index: project_type /var/www/html/App/Runtime/Cache/Admin/733743670daa568cabf38de33bbf3c08.php 第 149 行.
NOTIC: [8] Undefined index: project_type /var/www/html/App/Runtime/Cache/Admin/733743670daa568cabf38de33bbf3c08.php 第 149 行.
NOTIC: [8] Undefined index: project_type /var/www/html/App/Runtime/Cache/Admin/733743670daa568cabf38de33bbf3c08.php 第 149 行.
NOTIC: [8] Undefined index: project_type /var/www/html/App/Runtime/Cache/Admin/733743670daa568cabf38de33bbf3c08.php 第 149 行.
NOTIC: [8] Undefined index: project_type /var/www/html/App/Runtime/Cache/Admin/733743670daa568cabf38de33bbf3c08.php 第 149 行.
NOTIC: [8] Undefined index: project_type /var/www/html/App/Runtime/Cache/Admin/733743670daa568cabf38de33bbf3c08.php 第 149 行.
NOTIC: [8] Undefined index: project_type /var/www/html/App/Runtime/Cache/Admin/733743670daa568cabf38de33bbf3c08.php 第 149 行.
NOTIC: [8] Undefined index: project_type /var/www/html/App/Runtime/Cache/Admin/733743670daa568cabf38de33bbf3c08.php 第 149 行.
NOTIC: [8] Undefined index: project_type /var/www/html/App/Runtime/Cache/Admin/733743670daa568cabf38de33bbf3c08.php 第 149 行.
NOTIC: [8] Undefined index: project_type /var/www/html/App/Runtime/Cache/Admin/733743670daa568cabf38de33bbf3c08.php 第 149 行.
NOTIC: [8] Undefined index: project_type /var/www/html/App/Runtime/Cache/Admin/733743670daa568cabf38de33bbf3c08.php 第 149 行.
NOTIC: [8] Undefined index: project_type /var/www/html/App/Runtime/Cache/Admin/733743670daa568cabf38de33bbf3c08.php 第 149 行.
NOTIC: [8] Undefined index: project_type /var/www/html/App/Runtime/Cache/Admin/733743670daa568cabf38de33bbf3c08.php 第 149 行.
NOTIC: [8] Undefined index: project_type /var/www/html/App/Runtime/Cache/Admin/733743670daa568cabf38de33bbf3c08.php 第 149 行.
NOTIC: [8] Undefined index: project_type /var/www/html/App/Runtime/Cache/Admin/733743670daa568cabf38de33bbf3c08.php 第 149 行.
NOTIC: [8] Undefined index: project_type /var/www/html/App/Runtime/Cache/Admin/733743670daa568cabf38de33bbf3c08.php 第 149 行.
NOTIC: [8] Undefined index: project_type /var/www/html/App/Runtime/Cache/Admin/733743670daa568cabf38de33bbf3c08.php 第 149 行.
NOTIC: [8] Undefined index: project_type /var/www/html/App/Runtime/Cache/Admin/733743670daa568cabf38de33bbf3c08.php 第 149 行.
NOTIC: [8] Undefined index: project_type /var/www/html/App/Runtime/Cache/Admin/733743670daa568cabf38de33bbf3c08.php 第 149 行.
NOTIC: [8] Undefined index: project_type /var/www/html/App/Runtime/Cache/Admin/733743670daa568cabf38de33bbf3c08.php 第 149 行.
NOTIC: [8] Undefined index: project_type /var/www/html/App/Runtime/Cache/Admin/733743670daa568cabf38de33bbf3c08.php 第 149 行.
NOTIC: [8] Undefined index: project_type /var/www/html/App/Runtime/Cache/Admin/733743670daa568cabf38de33bbf3c08.php 第 149 行.
NOTIC: [8] Undefined index: project_type /var/www/html/App/Runtime/Cache/Admin/733743670daa568cabf38de33bbf3c08.php 第 149 行.
NOTIC: [8] Undefined index: project_type /var/www/html/App/Runtime/Cache/Admin/733743670daa568cabf38de33bbf3c08.php 第 149 行.
NOTIC: [8] Undefined index: project_type /var/www/html/App/Runtime/Cache/Admin/733743670daa568cabf38de33bbf3c08.php 第 149 行.
NOTIC: [8] Undefined index: project_type /var/www/html/App/Runtime/Cache/Admin/733743670daa568cabf38de33bbf3c08.php 第 149 行.
NOTIC: [8] Undefined index: project_type /var/www/html/App/Runtime/Cache/Admin/733743670daa568cabf38de33bbf3c08.php 第 149 行.
NOTIC: [8] Undefined index: project_type /var/www/html/App/Runtime/Cache/Admin/733743670daa568cabf38de33bbf3c08.php 第 149 行.
NOTIC: [8] Undefined index: project_type /var/www/html/App/Runtime/Cache/Admin/733743670daa568cabf38de33bbf3c08.php 第 149 行.
NOTIC: [8] Undefined index: project_type /var/www/html/App/Runtime/Cache/Admin/733743670daa568cabf38de33bbf3c08.php 第 149 行.
NOTIC: [8] Undefined index: project_type /var/www/html/App/Runtime/Cache/Admin/733743670daa568cabf38de33bbf3c08.php 第 149 行.
NOTIC: [8] Undefined index: project_type /var/www/html/App/Runtime/Cache/Admin/733743670daa568cabf38de33bbf3c08.php 第 149 行.
NOTIC: [8] Undefined index: project_type /var/www/html/App/Runtime/Cache/Admin/733743670daa568cabf38de33bbf3c08.php 第 149 行.
NOTIC: [8] Undefined index: project_type /var/www/html/App/Runtime/Cache/Admin/733743670daa568cabf38de33bbf3c08.php 第 149 行.
NOTIC: [8] Undefined index: project_type /var/www/html/App/Runtime/Cache/Admin/733743670daa568cabf38de33bbf3c08.php 第 149 行.
NOTIC: [8] Undefined index: project_type /var/www/html/App/Runtime/Cache/Admin/733743670daa568cabf38de33bbf3c08.php 第 149 行.
NOTIC: [8] Undefined index: project_type /var/www/html/App/Runtime/Cache/Admin/733743670daa568cabf38de33bbf3c08.php 第 149 行.
NOTIC: [8] Undefined index: project_type /var/www/html/App/Runtime/Cache/Admin/733743670daa568cabf38de33bbf3c08.php 第 149 行.
NOTIC: [8] Undefined index: project_type /var/www/html/App/Runtime/Cache/Admin/733743670daa568cabf38de33bbf3c08.php 第 149 行.
NOTIC: [8] Undefined index: project_type /var/www/html/App/Runtime/Cache/Admin/733743670daa568cabf38de33bbf3c08.php 第 149 行.
NOTIC: [8] Undefined index: project_type /var/www/html/App/Runtime/Cache/Admin/733743670daa568cabf38de33bbf3c08.php 第 149 行.
NOTIC: [8] Undefined index: project_type /var/www/html/App/Runtime/Cache/Admin/733743670daa568cabf38de33bbf3c08.php 第 149 行.
NOTIC: [8] Undefined index: project_type /var/www/html/App/Runtime/Cache/Admin/733743670daa568cabf38de33bbf3c08.php 第 149 行.
NOTIC: [8] Undefined index: project_type /var/www/html/App/Runtime/Cache/Admin/733743670daa568cabf38de33bbf3c08.php 第 149 行.
NOTIC: [8] Undefined index: project_type /var/www/html/App/Runtime/Cache/Admin/733743670daa568cabf38de33bbf3c08.php 第 149 行.
NOTIC: [8] Undefined index: project_type /var/www/html/App/Runtime/Cache/Admin/733743670daa568cabf38de33bbf3c08.php 第 149 行.
NOTIC: [8] Undefined index: project_type /var/www/html/App/Runtime/Cache/Admin/733743670daa568cabf38de33bbf3c08.php 第 149 行.
NOTIC: [8] Undefined index: project_type /var/www/html/App/Runtime/Cache/Admin/733743670daa568cabf38de33bbf3c08.php 第 149 行.
NOTIC: [8] Undefined index: project_type /var/www/html/App/Runtime/Cache/Admin/733743670daa568cabf38de33bbf3c08.php 第 149 行.
NOTIC: [8] Undefined index: project_type /var/www/html/App/Runtime/Cache/Admin/733743670daa568cabf38de33bbf3c08.php 第 149 行.
NOTIC: [8] Undefined index: project_type /var/www/html/App/Runtime/Cache/Admin/733743670daa568cabf38de33bbf3c08.php 第 149 行.
NOTIC: [8] Undefined index: project_type /var/www/html/App/Runtime/Cache/Admin/733743670daa568cabf38de33bbf3c08.php 第 149 行.
NOTIC: [8] Undefined index: project_type /var/www/html/App/Runtime/Cache/Admin/733743670daa568cabf38de33bbf3c08.php 第 149 行.
NOTIC: [8] Undefined index: project_type /var/www/html/App/Runtime/Cache/Admin/733743670daa568cabf38de33bbf3c08.php 第 149 行.
NOTIC: [8] Undefined index: project_type /var/www/html/App/Runtime/Cache/Admin/733743670daa568cabf38de33bbf3c08.php 第 149 行.
NOTIC: [8] Undefined index: project_type /var/www/html/App/Runtime/Cache/Admin/733743670daa568cabf38de33bbf3c08.php 第 149 行.
NOTIC: [8] Undefined index: project_type /var/www/html/App/Runtime/Cache/Admin/733743670daa568cabf38de33bbf3c08.php 第 149 行.
NOTIC: [8] Undefined index: project_type /var/www/html/App/Runtime/Cache/Admin/733743670daa568cabf38de33bbf3c08.php 第 149 行.
NOTIC: [8] Undefined index: project_type /var/www/html/App/Runtime/Cache/Admin/733743670daa568cabf38de33bbf3c08.php 第 149 行.
NOTIC: [8] Undefined index: project_type /var/www/html/App/Runtime/Cache/Admin/733743670daa568cabf38de33bbf3c08.php 第 149 行.
NOTIC: [8] Undefined index: project_type /var/www/html/App/Runtime/Cache/Admin/733743670daa568cabf38de33bbf3c08.php 第 149 行.
NOTIC: [8] Undefined index: project_type /var/www/html/App/Runtime/Cache/Admin/733743670daa568cabf38de33bbf3c08.php 第 149 行.
NOTIC: [8] Undefined index: project_type /var/www/html/App/Runtime/Cache/Admin/733743670daa568cabf38de33bbf3c08.php 第 149 行.
NOTIC: [8] Undefined index: project_type /var/www/html/App/Runtime/Cache/Admin/733743670daa568cabf38de33bbf3c08.php 第 149 行.
NOTIC: [8] Undefined index: project_type /var/www/html/App/Runtime/Cache/Admin/733743670daa568cabf38de33bbf3c08.php 第 149 行.
NOTIC: [8] Undefined index: project_type /var/www/html/App/Runtime/Cache/Admin/733743670daa568cabf38de33bbf3c08.php 第 149 行.
NOTIC: [8] Undefined index: project_type /var/www/html/App/Runtime/Cache/Admin/733743670daa568cabf38de33bbf3c08.php 第 149 行.
NOTIC: [8] Undefined index: project_type /var/www/html/App/Runtime/Cache/Admin/733743670daa568cabf38de33bbf3c08.php 第 149 行.
NOTIC: [8] Undefined index: project_type /var/www/html/App/Runtime/Cache/Admin/733743670daa568cabf38de33bbf3c08.php 第 149 行.
NOTIC: [8] Undefined index: project_type /var/www/html/App/Runtime/Cache/Admin/733743670daa568cabf38de33bbf3c08.php 第 149 行.
NOTIC: [8] Undefined index: project_type /var/www/html/App/Runtime/Cache/Admin/733743670daa568cabf38de33bbf3c08.php 第 149 行.
NOTIC: [8] Undefined index: project_type /var/www/html/App/Runtime/Cache/Admin/733743670daa568cabf38de33bbf3c08.php 第 149 行.
NOTIC: [8] Undefined index: project_type /var/www/html/App/Runtime/Cache/Admin/733743670daa568cabf38de33bbf3c08.php 第 149 行.
NOTIC: [8] Undefined index: project_type /var/www/html/App/Runtime/Cache/Admin/733743670daa568cabf38de33bbf3c08.php 第 149 行.
NOTIC: [8] Undefined index: project_type /var/www/html/App/Runtime/Cache/Admin/733743670daa568cabf38de33bbf3c08.php 第 149 行.
NOTIC: [8] Undefined index: project_type /var/www/html/App/Runtime/Cache/Admin/733743670daa568cabf38de33bbf3c08.php 第 149 行.
NOTIC: [8] Undefined index: last_updated /var/www/html/App/Runtime/Cache/Admin/733743670daa568cabf38de33bbf3c08.php 第 165 行.
NOTIC: [8] Undefined index: price_cny /var/www/html/App/Runtime/Cache/Admin/733743670daa568cabf38de33bbf3c08.php 第 166 行.
NOTIC: [8] Undefined index: last_updated /var/www/html/App/Runtime/Cache/Admin/733743670daa568cabf38de33bbf3c08.php 第 173 行.
NOTIC: [8] Undefined index: market_cap_cny /var/www/html/App/Runtime/Cache/Admin/733743670daa568cabf38de33bbf3c08.php 第 174 行.
NOTIC: [8] Undefined index: market_cap_cny /var/www/html/App/Runtime/Cache/Admin/733743670daa568cabf38de33bbf3c08.php 第 188 行.
NOTIC: [8] Undefined index: project_type /var/www/html/App/Runtime/Cache/Admin/733743670daa568cabf38de33bbf3c08.php 第 149 行.
NOTIC: [8] Undefined index: project_type /var/www/html/App/Runtime/Cache/Admin/733743670daa568cabf38de33bbf3c08.php 第 149 行.
NOTIC: [8] Undefined index: project_type /var/www/html/App/Runtime/Cache/Admin/733743670daa568cabf38de33bbf3c08.php 第 149 行.
NOTIC: [8] Undefined index: project_type /var/www/html/App/Runtime/Cache/Admin/733743670daa568cabf38de33bbf3c08.php 第 149 行.
NOTIC: [8] Undefined index: project_type /var/www/html/App/Runtime/Cache/Admin/733743670daa568cabf38de33bbf3c08.php 第 149 行.
NOTIC: [8] Undefined index: project_type /var/www/html/App/Runtime/Cache/Admin/733743670daa568cabf38de33bbf3c08.php 第 149 行.
NOTIC: [8] Undefined index: last_updated /var/www/html/App/Runtime/Cache/Admin/733743670daa568cabf38de33bbf3c08.php 第 165 行.
NOTIC: [8] Undefined index: price_cny /var/www/html/App/Runtime/Cache/Admin/733743670daa568cabf38de33bbf3c08.php 第 166 行.
NOTIC: [8] Undefined index: last_updated /var/www/html/App/Runtime/Cache/Admin/733743670daa568cabf38de33bbf3c08.php 第 173 行.
NOTIC: [8] Undefined index: market_cap_cny /var/www/html/App/Runtime/Cache/Admin/733743670daa568cabf38de33bbf3c08.php 第 174 行.
NOTIC: [8] Undefined index: market_cap_cny /var/www/html/App/Runtime/Cache/Admin/733743670daa568cabf38de33bbf3c08.php 第 188 行.
NOTIC: [8] Undefined index: project_type /var/www/html/App/Runtime/Cache/Admin/733743670daa568cabf38de33bbf3c08.php 第 149 行.
NOTIC: [8] Undefined index: project_type /var/www/html/App/Runtime/Cache/Admin/733743670daa568cabf38de33bbf3c08.php 第 149 行.
NOTIC: [8] Undefined index: last_updated /var/www/html/App/Runtime/Cache/Admin/733743670daa568cabf38de33bbf3c08.php 第 165 行.
NOTIC: [8] Undefined index: price_cny /var/www/html/App/Runtime/Cache/Admin/733743670daa568cabf38de33bbf3c08.php 第 166 行.
NOTIC: [8] Undefined index: last_updated /var/www/html/App/Runtime/Cache/Admin/733743670daa568cabf38de33bbf3c08.php 第 173 行.
NOTIC: [8] Undefined index: market_cap_cny /var/www/html/App/Runtime/Cache/Admin/733743670daa568cabf38de33bbf3c08.php 第 174 行.
NOTIC: [8] Undefined index: market_cap_cny /var/www/html/App/Runtime/Cache/Admin/733743670daa568cabf38de33bbf3c08.php 第 188 行.
NOTIC: [8] Undefined index: project_type /var/www/html/App/Runtime/Cache/Admin/733743670daa568cabf38de33bbf3c08.php 第 149 行.
NOTIC: [8] Undefined index: project_type /var/www/html/App/Runtime/Cache/Admin/733743670daa568cabf38de33bbf3c08.php 第 149 行.
NOTIC: [8] Undefined index: project_type /var/www/html/App/Runtime/Cache/Admin/733743670daa568cabf38de33bbf3c08.php 第 149 行.
NOTIC: [8] Undefined index: project_type /var/www/html/App/Runtime/Cache/Admin/733743670daa568cabf38de33bbf3c08.php 第 149 行.
NOTIC: [8] Undefined index: last_updated /var/www/html/App/Runtime/Cache/Admin/733743670daa568cabf38de33bbf3c08.php 第 165 行.
NOTIC: [8] Undefined index: price_cny /var/www/html/App/Runtime/Cache/Admin/733743670daa568cabf38de33bbf3c08.php 第 166 行.
NOTIC: [8] Undefined index: last_updated /var/www/html/App/Runtime/Cache/Admin/733743670daa568cabf38de33bbf3c08.php 第 173 行.
NOTIC: [8] Undefined index: market_cap_cny /var/www/html/App/Runtime/Cache/Admin/733743670daa568cabf38de33bbf3c08.php 第 174 行.
NOTIC: [8] Undefined index: market_cap_cny /var/www/html/App/Runtime/Cache/Admin/733743670daa568cabf38de33bbf3c08.php 第 188 行.
NOTIC: [8] Undefined index: project_type /var/www/html/App/Runtime/Cache/Admin/733743670daa568cabf38de33bbf3c08.php 第 149 行.
NOTIC: [8] Undefined index: project_type /var/www/html/App/Runtime/Cache/Admin/733743670daa568cabf38de33bbf3c08.php 第 149 行.
NOTIC: [8] Undefined index: project_type /var/www/html/App/Runtime/Cache/Admin/733743670daa568cabf38de33bbf3c08.php 第 149 行.
NOTIC: [8] Undefined index: project_type /var/www/html/App/Runtime/Cache/Admin/733743670daa568cabf38de33bbf3c08.php 第 149 行.
NOTIC: [8] Undefined index: project_type /var/www/html/App/Runtime/Cache/Admin/733743670daa568cabf38de33bbf3c08.php 第 149 行.
NOTIC: [8] Undefined index: project_type /var/www/html/App/Runtime/Cache/Admin/733743670daa568cabf38de33bbf3c08.php 第 149 行.
NOTIC: [8] Undefined index: project_type /var/www/html/App/Runtime/Cache/Admin/733743670daa568cabf38de33bbf3c08.php 第 149 行.
NOTIC: [8] Undefined index: project_type /var/www/html/App/Runtime/Cache/Admin/733743670daa568cabf38de33bbf3c08.php 第 149 行.
NOTIC: [8] Undefined index: project_type /var/www/html/App/Runtime/Cache/Admin/733743670daa568cabf38de33bbf3c08.php 第 149 行.
NOTIC: [8] Undefined index: project_type /var/www/html/App/Runtime/Cache/Admin/733743670daa568cabf38de33bbf3c08.php 第 149 行.
NOTIC: [8] Undefined index: project_type /var/www/html/App/Runtime/Cache/Admin/733743670daa568cabf38de33bbf3c08.php 第 149 行.
NOTIC: [8] Undefined index: project_type /var/www/html/App/Runtime/Cache/Admin/733743670daa568cabf38de33bbf3c08.php 第 149 行.
NOTIC: [8] Undefined index: project_type /var/www/html/App/Runtime/Cache/Admin/733743670daa568cabf38de33bbf3c08.php 第 149 行.
NOTIC: [8] Undefined index: project_type /var/www/html/App/Runtime/Cache/Admin/733743670daa568cabf38de33bbf3c08.php 第 149 行.
NOTIC: [8] Undefined index: project_type /var/www/html/App/Runtime/Cache/Admin/733743670daa568cabf38de33bbf3c08.php 第 149 行.
NOTIC: [8] Undefined index: project_type /var/www/html/App/Runtime/Cache/Admin/733743670daa568cabf38de33bbf3c08.php 第 149 行.
NOTIC: [8] Undefined index: project_type /var/www/html/App/Runtime/Cache/Admin/733743670daa568cabf38de33bbf3c08.php 第 149 行.
NOTIC: [8] Undefined index: project_type /var/www/html/App/Runtime/Cache/Admin/733743670daa568cabf38de33bbf3c08.php 第 149 行.
NOTIC: [8] Undefined index: project_type /var/www/html/App/Runtime/Cache/Admin/733743670daa568cabf38de33bbf3c08.php 第 149 行.
NOTIC: [8] Undefined index: project_type /var/www/html/App/Runtime/Cache/Admin/733743670daa568cabf38de33bbf3c08.php 第 149 行.
NOTIC: [8] Undefined index: project_type /var/www/html/App/Runtime/Cache/Admin/733743670daa568cabf38de33bbf3c08.php 第 149 行.
NOTIC: [8] Undefined index: project_type /var/www/html/App/Runtime/Cache/Admin/733743670daa568cabf38de33bbf3c08.php 第 149 行.
NOTIC: [8] Undefined index: project_type /var/www/html/App/Runtime/Cache/Admin/733743670daa568cabf38de33bbf3c08.php 第 149 行.
NOTIC: [8] Undefined index: project_type /var/www/html/App/Runtime/Cache/Admin/733743670daa568cabf38de33bbf3c08.php 第 149 行.
NOTIC: [8] Undefined index: project_type /var/www/html/App/Runtime/Cache/Admin/733743670daa568cabf38de33bbf3c08.php 第 149 行.
NOTIC: [8] Undefined index: project_type /var/www/html/App/Runtime/Cache/Admin/733743670daa568cabf38de33bbf3c08.php 第 149 行.
NOTIC: [8] Undefined index: project_type /var/www/html/App/Runtime/Cache/Admin/733743670daa568cabf38de33bbf3c08.php 第 149 行.
NOTIC: [8] Undefined index: project_type /var/www/html/App/Runtime/Cache/Admin/733743670daa568cabf38de33bbf3c08.php 第 149 行.
NOTIC: [8] Undefined index: project_type /var/www/html/App/Runtime/Cache/Admin/733743670daa568cabf38de33bbf3c08.php 第 149 行.
NOTIC: [8] Undefined index: project_type /var/www/html/App/Runtime/Cache/Admin/733743670daa568cabf38de33bbf3c08.php 第 149 行.
NOTIC: [8] Undefined index: project_type /var/www/html/App/Runtime/Cache/Admin/733743670daa568cabf38de33bbf3c08.php 第 149 行.
NOTIC: [8] Undefined index: project_type /var/www/html/App/Runtime/Cache/Admin/733743670daa568cabf38de33bbf3c08.php 第 149 行.
NOTIC: [8] Undefined index: project_type /var/www/html/App/Runtime/Cache/Admin/733743670daa568cabf38de33bbf3c08.php 第 149 行.
NOTIC: [8] Undefined index: project_type /var/www/html/App/Runtime/Cache/Admin/733743670daa568cabf38de33bbf3c08.php 第 149 行.
NOTIC: [8] Undefined variable: res /var/www/html/App/Runtime/Cache/Admin/733743670daa568cabf38de33bbf3c08.php 第 315 行.
NOTIC: [2] Invalid argument supplied for foreach() /var/www/html/App/Runtime/Cache/Admin/733743670daa568cabf38de33bbf3c08.php 第 315 行.
INFO: Run Behavior\ParseTemplateBehavior [ RunTime:0.013733s ]
INFO: [ view_parse ] --END-- [ RunTime:0.013753s ]
INFO: [ view_filter ] --START--
INFO: Run Behavior\WriteHtmlCacheBehavior [ RunTime:0.000140s ]
INFO: [ view_filter ] --END-- [ RunTime:0.000164s ]
INFO: [ app_end ] --START--
INFO: Run Behavior\ShowPageTraceBehavior [ RunTime:0.000506s ]
INFO: [ app_end ] --END-- [ RunTime:0.000561s ]

